GROUP,PACKAGE,CLASS,INSTRUCTION_MISSED,INSTRUCTION_COVERED,BRANCH_MISSED,BRANCH_COVERED,LINE_MISSED,LINE_COVERED,COMPLEXITY_MISSED,COMPLEXITY_COVERED,METHOD_MISSED,METHOD_COVERED
avenirs-portfolio-api,fr.avenirsesr.portfolio.student.progress.declared.activity.infrastructure.adapter.repository,DeclaredActivityDatabaseRepository,22,83,4,0,5,16,4,5,2,5
avenirs-portfolio-api,fr.avenirsesr.portfolio.student.progress.declared.program.application.adapter.controller,DeclaredProgramController,0,114,0,0,0,37,0,6,0,6
avenirs-portfolio-api,fr.avenirsesr.portfolio.student.progress.declared.activity.application.adapter.controller,DeclaredActivityController,203,185,6,2,49,41,11,7,7,7
avenirs-portfolio-api,fr.avenirsesr.portfolio.trace.infrastructure.adapter.client,TraceConfigurationClient,0,57,0,0,0,17,0,3,0,3
avenirs-portfolio-api,fr.avenirsesr.portfolio.trace.domain.filter,ETraceFilterKey,0,27,0,0,0,5,0,1,0,1
avenirs-portfolio-api,fr.avenirsesr.portfolio.trace.domain.filter,TraceFilter,0,67,0,12,0,10,0,8,0,2
avenirs-portfolio-api,fr.avenirsesr.portfolio.selfknowledge.infrastructure.adapter.specification,SelfKnowledgeCategorySpecification,15,96,3,3,0,22,4,7,1,7
avenirs-portfolio-api,fr.avenirsesr.portfolio.selfknowledge.infrastructure.adapter.specification,SelfKnowledgeElementSpecification,35,0,4,0,7,0,7,0,5,0
avenirs-portfolio-api,fr.avenirsesr.portfolio.student.progress.declared.skill.application.adapter.controller,DeclaredSkillProgressController,132,121,0,0,33,31,6,5,6,5
avenirs-portfolio-api,fr.avenirsesr.portfolio.trace.application.adapter.controller,TraceController,179,351,0,0,40,77,6,11,6,11
avenirs-portfolio-api,fr.avenirsesr.portfolio.selfknowledge.application.adapter.controller,SelfKnowledgeController,75,88,0,0,17,26,3,7,3,7
avenirs-portfolio-api,fr.avenirsesr.portfolio.student.progress.declared.program.infrastructure.adapter.specification,DeclaredProgramSpecification,5,34,1,5,2,5,2,3,1,1
avenirs-portfolio-api,fr.avenirsesr.portfolio.activity.domain.service,ActivityServiceImpl,21,522,4,28,6,141,3,34,0,21
avenirs-portfolio-api,fr.avenirsesr.portfolio.association.infrastructure.adapter.repository,AssociationDatabaseRepository,24,97,1,7,6,22,2,7,1,4
avenirs-portfolio-api,fr.avenirsesr.portfolio.file.infrastructure.service,FileDataGeneratorConfig,0,7,0,0,0,2,0,2,0,2
avenirs-portfolio-api,fr.avenirsesr.portfolio.file.infrastructure.service,UserPhotoSeederConfig,0,7,0,0,0,2,0,2,0,2
avenirs-portfolio-api,fr.avenirsesr.portfolio.file.infrastructure.service,FileResourceServiceConfig,0,18,0,0,0,1,0,1,0,1
avenirs-portfolio-api,fr.avenirsesr.portfolio.activity.domain.data,ActivityWithStudentStatusData,0,12,0,0,0,1,0,1,0,1
avenirs-portfolio-api,fr.avenirsesr.portfolio.activity.domain.data,ActivityPresentationData,0,12,0,0,0,1,0,1,0,1
avenirs-portfolio-api,fr.avenirsesr.portfolio.activity.domain.data,ActivityStaffOverviewData,0,21,0,0,0,1,0,1,0,1
avenirs-portfolio-api,fr.avenirsesr.portfolio.student.progress.imported.infrastructure.adapter.repository,StudentProgressDatabaseRepository,0,72,0,0,0,30,0,4,0,4
avenirs-portfolio-api,fr.avenirsesr.portfolio.student.progress.imported.infrastructure.adapter.repository,SkillLevelProgressDatabaseRepository,38,31,1,1,8,6,3,4,2,4
avenirs-portfolio-api,fr.avenirsesr.portfolio.declaredskill.domain.service,DeclaredSkillSyncServiceImpl,0,64,0,4,0,20,0,4,0,2
avenirs-portfolio-api,fr.avenirsesr.portfolio.trace.domain.data,TraceWithProjectNameData,0,9,0,0,0,1,0,1,0,1
avenirs-portfolio-api,fr.avenirsesr.portfolio.trace.domain.data,TracesSummaryData,0,15,0,0,0,1,0,1,0,1
avenirs-portfolio-api,fr.avenirsesr.portfolio.trace.domain.data,TraceDetailData,0,36,0,0,0,1,0,1,0,1
avenirs-portfolio-api,fr.avenirsesr.portfolio.trace.domain.data,TraceAssociationsData,0,12,0,0,0,1,0,1,0,1
avenirs-portfolio-api,fr.avenirsesr.portfolio.trace.domain.data,TraceViewData,0,21,0,0,0,1,0,1,0,1
avenirs-portfolio-api,fr.avenirsesr.portfolio.trace.domain.data,TraceAssociationData,0,9,0,0,0,1,0,1,0,1
avenirs-portfolio-api,fr.avenirsesr.portfolio.activity.application.adapter.controller,ActivityController,51,341,3,1,11,81,4,10,2,10
avenirs-portfolio-api,fr.avenirsesr.portfolio.user.infrastructure.adapter.specification,StudentSpecification,0,12,0,0,0,2,0,2,0,2
avenirs-portfolio-api,fr.avenirsesr.portfolio.user.infrastructure.adapter.repository,StaffDatabaseRepository,0,10,0,0,0,3,0,1,0,1
avenirs-portfolio-api,fr.avenirsesr.portfolio.user.infrastructure.adapter.repository,UserDatabaseRepository,0,11,0,0,0,3,0,2,0,2
avenirs-portfolio-api,fr.avenirsesr.portfolio.user.infrastructure.adapter.repository,StudentDatabaseRepository,33,38,2,0,9,10,3,2,2,2
avenirs-portfolio-api,fr.avenirsesr.portfolio.user.infrastructure.adapter.repository,GenericUserJpaRepositoryAdapter,0,10,0,0,0,3,0,2,0,2
avenirs-portfolio-api,fr.avenirsesr.portfolio.student.progress.declared.skill.domain.service,DeclaredSkillProgressServiceImpl,100,446,9,22,21,118,19,27,14,16
avenirs-portfolio-api,fr.avenirsesr.portfolio.activity.infrastructure.adapter.specification,ActivitySpecification,33,10,4,0,8,1,7,2,5,2
avenirs-portfolio-api,fr.avenirsesr.portfolio.shared.infrastructure.context,CustomDateTimeProvider,0,11,0,0,0,4,0,2,0,2
avenirs-portfolio-api,fr.avenirsesr.portfolio.shared.infrastructure.context,PrometheusLogFilter,5,11,3,3,1,3,2,3,0,2
avenirs-portfolio-api,fr.avenirsesr.portfolio.student.progress.declared.experience.application.adapter.controller,DeclaredExperienceController,65,138,0,0,12,43,1,7,1,7
avenirs-portfolio-api,fr.avenirsesr.portfolio.user.application.adapter.controller,UserController,3,40,1,1,0,10,1,3,0,3
avenirs-portfolio-api,fr.avenirsesr.portfolio.program.infrastructure.adapter.client,InstitutionConfigClientImpl,50,10,0,0,13,4,1,2,1,2
avenirs-portfolio-api,fr.avenirsesr.portfolio.student.progress.declared.activity.infrastructure.adapter.specification,DeclaredActivitySpecification,34,25,1,3,5,6,8,3,7,2
avenirs-portfolio-api,fr.avenirsesr.portfolio.student.progress.imported.domain.data,SkillProgressData,0,45,0,4,0,11,0,6,0,4
avenirs-portfolio-api,fr.avenirsesr.portfolio.selfknowledge.infrastructure.adapter.repository,SelfKnowledgeCategoryDatabaseRepository,0,26,0,0,0,6,0,4,0,4
avenirs-portfolio-api,fr.avenirsesr.portfolio.selfknowledge.infrastructure.adapter.repository,SelfKnowledgeElementDatabaseRepository,27,10,0,0,9,3,2,1,2,1
avenirs-portfolio-api,fr.avenirsesr.portfolio.student.progress.declared.program.domain.service,DeclaredProgramServiceImpl,0,254,0,9,0,56,0,16,0,11
avenirs-portfolio-api,fr.avenirsesr.portfolio.student.progress.declared.activity.domain.data,DeclaredActivityAssociationsData,0,9,0,0,0,1,0,1,0,1
avenirs-portfolio-api,fr.avenirsesr.portfolio.student.progress.declared.activity.domain.data,DeclaredActivityAssociationData,0,9,0,0,0,1,0,1,0,1
avenirs-portfolio-api,fr.avenirsesr.portfolio.student.progress.declared.activity.domain.service,DeclaredActivityServiceImpl,90,737,9,50,22,185,19,55,10,34
avenirs-portfolio-api,fr.avenirsesr.portfolio.student.progress.imported.infrastructure.adapter.specification,SkillLevelProgressSpecification,69,31,4,0,18,6,5,2,3,2
avenirs-portfolio-api,fr.avenirsesr.portfolio.student.progress.imported.infrastructure.adapter.specification,StudentProgressSpecification,3,16,0,0,1,3,1,2,1,2
avenirs-portfolio-api,fr.avenirsesr.portfolio.declaredskill.infrastructure.adapter.converter,PathSegmentsConverter,0,27,0,8,0,7,0,7,0,3
avenirs-portfolio-api,fr.avenirsesr.portfolio.student.progress.imported.domain.service,SkillLevelProgressServiceImpl,22,8,0,0,4,2,1,2,1,2
avenirs-portfolio-api,fr.avenirsesr.portfolio.student.progress.imported.domain.service,StudentProgressServiceImpl,2,219,0,4,1,60,1,18,1,16
avenirs-portfolio-api,fr.avenirsesr.portfolio.file.domain.data,FileData,0,12,0,0,0,1,0,1,0,1
avenirs-portfolio-api,fr.avenirsesr.portfolio.selfknowledge.domain.data,SelfKnowledgeElementDetails,0,6,0,0,0,1,0,1,0,1
avenirs-portfolio-api,fr.avenirsesr.portfolio.trace.domain.service,TraceServiceImpl,84,993,6,26,16,246,8,67,4,55
avenirs-portfolio-api,fr.avenirsesr.portfolio.student.progress.declared.skill.infrastructure.adapter.repository,DeclaredSkillProgressDatabaseRepository,6,68,0,0,1,20,1,5,1,5
avenirs-portfolio-api,fr.avenirsesr.portfolio.student.progress.declared.skill.infrastructure.adapter.specification,DeclaredSkillProgressSpecification,31,56,6,4,6,12,6,5,1,5
avenirs-portfolio-api,fr.avenirsesr.portfolio.declaredskill.infrastructure.adapter.repository,DeclaredSkillDatabaseRepository,12,26,0,0,2,5,1,3,1,3
avenirs-portfolio-api,fr.avenirsesr.portfolio.shared.application.adapter,Utils,0,42,0,6,0,10,0,4,0,1
avenirs-portfolio-api,fr.avenirsesr.portfolio.shared.application.adapter.controller,SeedingAdminController,37,0,8,0,10,0,5,0,1,0
avenirs-portfolio-api,fr.avenirsesr.portfolio.navigation.access.application.adapter.controller,NavigationAccessController,0,34,0,0,0,8,0,2,0,2
avenirs-portfolio-api,fr.avenirsesr.portfolio.program.infrastructure.adapter.repository,TrainingPathDatabaseRepository,0,10,0,0,0,3,0,1,0,1
avenirs-portfolio-api,fr.avenirsesr.portfolio.program.infrastructure.adapter.repository,InstitutionDatabaseRepository,0,12,0,0,0,3,0,1,0,1
avenirs-portfolio-api,fr.avenirsesr.portfolio.program.infrastructure.adapter.repository,ProgramDatabaseRepository,0,10,0,0,0,3,0,1,0,1
avenirs-portfolio-api,fr.avenirsesr.portfolio.program.infrastructure.adapter.repository,SkillDatabaseRepository,0,10,0,0,0,3,0,1,0,1
avenirs-portfolio-api,fr.avenirsesr.portfolio.program.infrastructure.adapter.repository,SkillLevelDatabaseRepository,0,7,0,0,0,2,0,1,0,1
avenirs-portfolio-api,fr.avenirsesr.portfolio.user.domain.service,UserServiceImpl,0,77,2,6,0,19,2,8,0,5
avenirs-portfolio-api,fr.avenirsesr.portfolio.user.domain.service,StaffServiceImpl,66,72,2,2,24,17,5,5,3,5
avenirs-portfolio-api,fr.avenirsesr.portfolio.user.domain.service,StudentServiceImpl,6,149,1,3,2,45,2,10,1,9
avenirs-portfolio-api,fr.avenirsesr.portfolio.student.progress.declared.skill.domain.data,DeclaredSkillAssociationsData,0,9,0,0,0,1,0,1,0,1
avenirs-portfolio-api,fr.avenirsesr.portfolio.student.progress.declared.skill.domain.data,DeclaredSkillProgressDetails,0,9,0,0,0,1,0,1,0,1
avenirs-portfolio-api,fr.avenirsesr.portfolio.student.progress.declared.skill.domain.data,DeclaredSkillAssociationData,0,9,0,0,0,1,0,1,0,1
avenirs-portfolio-api,fr.avenirsesr.portfolio.student.progress.declared.experience.domain.service,DeclaredExperienceServiceImpl,65,412,5,13,14,95,9,23,6,17
avenirs-portfolio-api,fr.avenirsesr.portfolio.association.domain.data,AssociationData,0,12,0,0,0,1,0,1,0,1
avenirs-portfolio-api,fr.avenirsesr.portfolio.association.domain.data,AssociationSearchResultData,0,15,0,0,0,1,0,1,0,1
avenirs-portfolio-api,fr.avenirsesr.portfolio.student.progress.declared.experience.domain.data,DeclaredExperienceAssociationsData,0,6,0,0,0,1,0,1,0,1
avenirs-portfolio-api,fr.avenirsesr.portfolio.student.progress.declared.experience.domain.data,DeclaredExperienceAssociationData,0,9,0,0,0,1,0,1,0,1
avenirs-portfolio-api,fr.avenirsesr.portfolio.student.progress.declared.experience.infrastructure.adapter.repository,DeclaredExperienceDatabaseRepository,0,42,0,0,0,10,0,3,0,3
avenirs-portfolio-api,fr.avenirsesr.portfolio.file.infrastructure.adapter.specification,FileSpecification,0,17,0,0,0,2,0,2,0,2
avenirs-portfolio-api,fr.avenirsesr.portfolio.declaredskill.infrastructure.adapter.client,ExternalSkillClient.new ParameterizedTypeReference() {...},0,3,0,0,0,1,0,1,0,1
avenirs-portfolio-api,fr.avenirsesr.portfolio.declaredskill.infrastructure.adapter.client,ExternalSkillClient,0,247,0,8,0,63,0,10,0,6
avenirs-portfolio-api,fr.avenirsesr.portfolio.user.domain.data,UserProfileOverviewData,0,21,0,0,0,1,0,1,0,1
avenirs-portfolio-api,fr.avenirsesr.portfolio.file.domain.service,FileResourceServiceImpl,241,198,27,12,42,47,24,9,5,4
avenirs-portfolio-api,fr.avenirsesr.portfolio.activity.infrastructure.adapter.repository,ActivityDraftDatabaseRepository,0,7,0,0,0,2,0,1,0,1
avenirs-portfolio-api,fr.avenirsesr.portfolio.activity.infrastructure.adapter.repository,StaffActivityOverviewQueryRepository,66,166,9,3,9,29,9,7,0,7
avenirs-portfolio-api,fr.avenirsesr.portfolio.activity.infrastructure.adapter.repository,ActivityDatabaseRepository,35,67,0,2,8,18,1,5,1,4
avenirs-portfolio-api,fr.avenirsesr.portfolio.trace.infrastructure.adapter.specification,TraceSpecification,68,137,1,7,13,24,4,11,3,8
avenirs-portfolio-api,fr.avenirsesr.portfolio.trace.infrastructure.adapter.specification,TraceFilterSpecificationBuilder,117,57,17,13,26,11,12,12,0,8
avenirs-portfolio-api,fr.avenirsesr.portfolio.file.infrastructure.adapter.repository,FileDatabaseRepository,0,21,0,0,0,5,0,2,0,2
avenirs-portfolio-api,fr.avenirsesr.portfolio.shared.infrastructure.service,ClockServiceConfig,0,7,0,0,0,2,0,2,0,2
avenirs-portfolio-api,fr.avenirsesr.portfolio.file.application.adapter.controller,StorageController,23,44,0,0,5,15,1,3,1,3
avenirs-portfolio-api,fr.avenirsesr.portfolio.file.application.adapter.controller,FileController,89,4,0,0,22,1,3,1,3,1
avenirs-portfolio-api,fr.avenirsesr.portfolio.association.domain.service,AssociationServiceImpl,0,88,0,4,0,20,0,8,0,6
avenirs-portfolio-api,fr.avenirsesr.portfolio.association.domain.service,AssociationSearchHelper,2,68,2,6,0,19,2,4,0,2
avenirs-portfolio-api,fr.avenirsesr.portfolio.shared.domain.service,ClockServiceImpl,7,24,0,0,3,8,2,5,2,5
avenirs-portfolio-api,fr.avenirsesr.portfolio.shared.domain.service,LoggedInUserServiceImpl,4,28,1,1,1,6,1,4,0,4
avenirs-portfolio-api,fr.avenirsesr.portfolio.association.infrastructure.adapter.specification,AssociationSpecification,6,126,3,7,2,23,4,11,1,9
avenirs-portfolio-api,fr.avenirsesr.portfolio.trace.infrastructure.adapter.repository,TraceDatabaseRepository,157,33,18,0,39,8,14,3,5,3
avenirs-portfolio-api,fr.avenirsesr.portfolio.student.progress.declared.experience.infrastructure.adapter.specification,DeclaredExperienceSpecification,6,76,2,4,2,15,3,5,1,4
avenirs-portfolio-api,fr.avenirsesr.portfolio,AvenirsPortfolioApiApplication,5,3,0,0,2,1,1,1,1,1
avenirs-portfolio-api,fr.avenirsesr.portfolio.student.progress.declared.program.infrastructure.adapter.repository,DeclaredProgramDatabaseRepository,0,28,0,0,0,10,0,2,0,2
avenirs-portfolio-api,fr.avenirsesr.portfolio.student.progress.imported.application.adapter.controller,SkillLevelProgressController,56,50,0,0,16,17,3,4,3,4
avenirs-portfolio-api,fr.avenirsesr.portfolio.student.progress.imported.application.adapter.controller,StudentProgressController,0,59,0,0,0,14,0,6,0,6
avenirs-portfolio-api,fr.avenirsesr.portfolio.program.domain.service,InstitutionServiceImpl,0,73,0,0,0,18,0,5,0,5
avenirs-portfolio-api,fr.avenirsesr.portfolio.selfknowledge.domain.service,SelfKnowledgeServiceImpl,4,431,4,32,1,116,4,36,0,22
