GROUP,PACKAGE,CLASS,INSTRUCTION_MISSED,INSTRUCTION_COVERED,BRANCH_MISSED,BRANCH_COVERED,LINE_MISSED,LINE_COVERED,COMPLEXITY_MISSED,COMPLEXITY_COVERED,METHOD_MISSED,METHOD_COVERED
avenirs-portfolio-api,fr.avenirsesr.portfolio.student.skill.infrastructure.adapter.converter,PathSegmentsConverter,0,27,0,8,0,7,0,7,0,3
avenirs-portfolio-api,fr.avenirsesr.portfolio.student.trace.infrastructure.adapter.specification,TraceSpecification,13,156,0,8,3,27,3,10,3,6
avenirs-portfolio-api,fr.avenirsesr.portfolio.student.trace.infrastructure.adapter.specification,TraceFilterSpecificationBuilder,63,55,7,15,15,11,6,12,0,6
avenirs-portfolio-api,fr.avenirsesr.portfolio.student.skill.infrastructure.adapter.specification,DeclaredSkillProgressSpecification,31,71,6,6,6,16,6,8,1,7
avenirs-portfolio-api,fr.avenirsesr.portfolio.file.domain.data,FileData,0,12,0,0,0,1,0,1,0,1
avenirs-portfolio-api,fr.avenirsesr.portfolio.student.trace.domain.service,TraceServiceImpl,177,1366,12,53,39,346,16,95,8,70
avenirs-portfolio-api,fr.avenirsesr.portfolio.student.experience.application.adapter.controller,DeclaredExperienceController,65,288,0,0,12,74,1,11,1,11
avenirs-portfolio-api,fr.avenirsesr.portfolio.student.experience.domain.service,DeclaredExperienceServiceImpl,22,847,4,31,4,207,6,53,4,37
avenirs-portfolio-api,fr.avenirsesr.portfolio.student.selfknowledge.infrastructure.adapter.repository,SelfKnowledgeElementDatabaseRepository,8,30,0,0,3,9,1,2,1,2
avenirs-portfolio-api,fr.avenirsesr.portfolio.student.program.application.adapter.controller,DeclaredProgramController,0,131,0,0,0,38,0,6,0,6
avenirs-portfolio-api,fr.avenirsesr.portfolio.student.activity.infrastructure.adapter.repository,DeclaredActivityDatabaseRepository,22,96,4,0,5,18,4,7,2,7
avenirs-portfolio-api,fr.avenirsesr.portfolio.student.activity.infrastructure.adapter.repository,FeedbackDatabaseRepository,51,306,1,5,8,75,6,17,5,15
avenirs-portfolio-api,fr.avenirsesr.portfolio.shared.application.adapter,Utils,7,45,0,6,2,11,0,5,0,2
avenirs-portfolio-api,fr.avenirsesr.portfolio.student.trace.domain.data,TraceAssociationData,0,9,0,0,0,1,0,1,0,1
avenirs-portfolio-api,fr.avenirsesr.portfolio.student.trace.domain.data,TraceViewData,0,33,0,0,0,1,0,1,0,1
avenirs-portfolio-api,fr.avenirsesr.portfolio.student.trace.domain.data,TraceDetailData,0,36,0,0,0,1,0,1,0,1
avenirs-portfolio-api,fr.avenirsesr.portfolio.student.trace.domain.data,TraceAssociationsData,0,12,0,0,0,1,0,1,0,1
avenirs-portfolio-api,fr.avenirsesr.portfolio.student.trace.domain.data,TraceDeclaredActivityData,0,12,0,0,0,1,0,1,0,1
avenirs-portfolio-api,fr.avenirsesr.portfolio.student.trace.domain.data,TraceLockedDeclaredActivitiesData,0,12,0,0,0,1,0,1,0,1
avenirs-portfolio-api,fr.avenirsesr.portfolio.student.trace.domain.data,TracesSummaryData,0,15,0,0,0,1,0,1,0,1
avenirs-portfolio-api,fr.avenirsesr.portfolio.shared.application.adapter.controller,SeedingAdminController,88,0,14,0,22,0,9,0,2,0
avenirs-portfolio-api,fr.avenirsesr.portfolio.student.trace.domain.filter,ETraceFilterKey,0,27,0,0,0,5,0,1,0,1
avenirs-portfolio-api,fr.avenirsesr.portfolio.student.trace.domain.filter,TraceFilter,0,60,0,8,0,9,0,6,0,2
avenirs-portfolio-api,fr.avenirsesr.portfolio.user.domain.service,UserServiceImpl,72,311,13,20,15,86,13,25,4,15
avenirs-portfolio-api,fr.avenirsesr.portfolio.user.domain.service,StaffServiceImpl,109,108,4,2,25,29,10,7,7,7
avenirs-portfolio-api,fr.avenirsesr.portfolio.user.domain.service,StudentServiceImpl,123,107,3,3,29,30,11,8,9,7
avenirs-portfolio-api,fr.avenirsesr.portfolio.student.association.domain.service,AssociationServiceImpl,2,110,1,7,1,25,1,11,0,8
avenirs-portfolio-api,fr.avenirsesr.portfolio.student.association.domain.service,AssociationSearchHelper,0,70,0,8,0,19,0,6,0,2
avenirs-portfolio-api,fr.avenirsesr.portfolio.student.association.infrastructure.adapter.specification,AssociationSpecification,15,135,3,7,3,24,6,13,3,11
avenirs-portfolio-api,fr.avenirsesr.portfolio.staff.activity.infrastructure.adapter.specification,ActivitySpecification,33,19,4,0,8,3,7,4,5,4
avenirs-portfolio-api,fr.avenirsesr.portfolio.student.trace.infrastructure.adapter.client,TraceConfigurationClient,0,57,0,0,0,17,0,3,0,3
avenirs-portfolio-api,fr.avenirsesr.portfolio.student.selfknowledge.infrastructure.adapter.specification,SelfKnowledgeElementSpecification,7,43,3,5,2,9,4,7,1,6
avenirs-portfolio-api,fr.avenirsesr.portfolio.student.experience.infrastructure.adapter.repository,DeclaredExperienceDatabaseRepository,0,48,0,0,0,13,0,3,0,3
avenirs-portfolio-api,fr.avenirsesr.portfolio.student.trace.infrastructure.adapter.repository,TraceDatabaseRepository,35,152,7,11,7,38,6,11,1,7
avenirs-portfolio-api,fr.avenirsesr.portfolio.student.activity.infrastructure.adapter.specification,DeclaredActivitySpecification,34,37,1,3,5,7,8,5,7,4
avenirs-portfolio-api,fr.avenirsesr.portfolio.student.activity.infrastructure.adapter.specification,FeedbackSpecification,0,62,0,4,0,10,0,10,0,8
avenirs-portfolio-api,fr.avenirsesr.portfolio.student.activity.domain.port.output.repository,FeedbackRepository,0,5,0,0,0,1,0,1,0,1
avenirs-portfolio-api,fr.avenirsesr.portfolio.student.association.domain.utils,AssociationUtils,0,19,0,2,0,4,0,3,0,2
avenirs-portfolio-api,fr.avenirsesr.portfolio.student.trace.application.adapter.controller,TraceController,110,553,0,0,28,121,4,16,4,16
avenirs-portfolio-api,fr.avenirsesr.portfolio.user.domain.data,UserProfileOverviewData,0,24,0,0,0,1,0,1,0,1
avenirs-portfolio-api,fr.avenirsesr.portfolio.user.domain.data,UserQuickLinksData,0,21,0,0,0,1,0,1,0,1
avenirs-portfolio-api,fr.avenirsesr.portfolio.user.domain.data,LoggedInUserData,0,9,0,0,0,1,0,1,0,1
avenirs-portfolio-api,fr.avenirsesr.portfolio.file.infrastructure.service,FileDataGeneratorConfig,0,7,0,0,0,2,0,2,0,2
avenirs-portfolio-api,fr.avenirsesr.portfolio.file.infrastructure.service,UserPhotoSeederConfig,0,7,0,0,0,2,0,2,0,2
avenirs-portfolio-api,fr.avenirsesr.portfolio.file.infrastructure.service,FileResourceServiceConfig,0,10,0,0,0,1,0,1,0,1
avenirs-portfolio-api,fr.avenirsesr.portfolio.file.domain.service,FileResourceServiceImpl,46,116,3,1,8,27,4,5,2,5
avenirs-portfolio-api,fr.avenirsesr.portfolio.student.activity.application.adapter.controller,FeedbackController,0,298,0,0,0,68,0,12,0,12
avenirs-portfolio-api,fr.avenirsesr.portfolio.student.activity.application.adapter.controller,DeclaredActivityController,201,220,2,2,47,52,9,8,7,8
avenirs-portfolio-api,fr.avenirsesr.portfolio.student.program.infrastructure.adapter.specification,DeclaredProgramSpecification,5,49,1,7,2,9,2,6,1,3
avenirs-portfolio-api,fr.avenirsesr.portfolio.student.association.infrastructure.adapter.repository,AssociationDatabaseRepository,55,187,7,17,11,43,8,11,1,6
avenirs-portfolio-api,fr.avenirsesr.portfolio.student.selfknowledge.domain.service,SelfKnowledgeServiceImpl,0,335,3,35,0,88,3,32,0,16
avenirs-portfolio-api,fr.avenirsesr.portfolio.student.experience.infrastructure.adapter.specification,DeclaredExperienceSpecification,6,106,2,8,2,23,3,11,1,8
avenirs-portfolio-api,fr.avenirsesr.portfolio.file.infrastructure.adapter.repository,FileDatabaseRepository,0,7,0,0,0,2,0,1,0,1
avenirs-portfolio-api,fr.avenirsesr.portfolio.user.infrastructure.adapter.specification,StudentSpecification,0,12,0,0,0,2,0,2,0,2
avenirs-portfolio-api,fr.avenirsesr.portfolio.user.infrastructure.adapter.repository,StaffDatabaseRepository,0,10,0,0,0,3,0,1,0,1
avenirs-portfolio-api,fr.avenirsesr.portfolio.user.infrastructure.adapter.repository,UserPrincipalDatabaseRepository,0,63,0,2,0,20,0,5,0,4
avenirs-portfolio-api,fr.avenirsesr.portfolio.user.infrastructure.adapter.repository,UserDatabaseRepository,0,11,0,0,0,3,0,2,0,2
avenirs-portfolio-api,fr.avenirsesr.portfolio.user.infrastructure.adapter.repository,StudentDatabaseRepository,26,40,2,0,7,12,2,2,1,2
avenirs-portfolio-api,fr.avenirsesr.portfolio.user.infrastructure.adapter.repository,GenericUserJpaRepositoryAdapter,0,10,0,0,0,3,0,2,0,2
avenirs-portfolio-api,fr.avenirsesr.portfolio.student.activity.domain.data,FeedbackData,0,36,0,0,0,1,0,1,0,1
avenirs-portfolio-api,fr.avenirsesr.portfolio.student.activity.domain.data,FeedbackDashboardData,0,15,0,0,0,1,0,1,0,1
avenirs-portfolio-api,fr.avenirsesr.portfolio.student.activity.domain.data,DeclaredActivityDetailsData,0,9,0,0,0,1,0,1,0,1
avenirs-portfolio-api,fr.avenirsesr.portfolio.student.activity.domain.data,DeclaredActivityAssociationsData,0,9,0,0,0,1,0,1,0,1
avenirs-portfolio-api,fr.avenirsesr.portfolio.student.activity.domain.data,DeclaredActivityAssociationData,0,12,0,0,0,1,0,1,0,1
avenirs-portfolio-api,fr.avenirsesr.portfolio.shared.infrastructure.service,ClockServiceConfig,0,7,0,0,0,2,0,2,0,2
avenirs-portfolio-api,fr.avenirsesr.portfolio.file.application.adapter.controller,StorageController,23,44,0,0,5,15,1,3,1,3
avenirs-portfolio-api,fr.avenirsesr.portfolio.student.program.domain.service,DeclaredProgramServiceImpl,0,258,0,9,0,57,0,16,0,11
avenirs-portfolio-api,fr.avenirsesr.portfolio.staff.activity.application.adapter.controller,ActivityController,123,465,0,2,30,111,5,16,5,15
avenirs-portfolio-api,fr.avenirsesr.portfolio.student.program.infrastructure.adapter.repository,DeclaredProgramDatabaseRepository,0,31,0,0,0,10,0,2,0,2
avenirs-portfolio-api,fr.avenirsesr.portfolio.notification.application.adapter.controller,NotificationController,0,71,0,0,0,14,0,3,0,3
avenirs-portfolio-api,fr.avenirsesr.portfolio.shared.domain.service,ClockServiceImpl,7,24,0,0,3,8,2,5,2,5
avenirs-portfolio-api,fr.avenirsesr.portfolio.shared.domain.service,LoggedInUserServiceImpl,4,28,1,1,1,6,1,4,0,4
avenirs-portfolio-api,fr.avenirsesr.portfolio.student.skill.infrastructure.adapter.client,ExternalSkillClient,0,247,0,8,0,63,0,10,0,6
avenirs-portfolio-api,fr.avenirsesr.portfolio.student.skill.infrastructure.adapter.client,ExternalSkillClient.new ParameterizedTypeReference() {...},0,3,0,0,0,1,0,1,0,1
avenirs-portfolio-api,fr.avenirsesr.portfolio.student.experience.domain.data,DeclaredExperienceData,0,9,0,0,0,1,0,1,0,1
avenirs-portfolio-api,fr.avenirsesr.portfolio.student.experience.domain.data,DeclaredExperienceAssociationsData,0,9,0,0,0,1,0,1,0,1
avenirs-portfolio-api,fr.avenirsesr.portfolio.student.experience.domain.data,DeclaredExperienceAssociationData,0,9,0,0,0,1,0,1,0,1
avenirs-portfolio-api,fr.avenirsesr.portfolio.student.experience.domain.data,DeclaredExperienceAssociationCount,0,9,0,0,0,1,0,1,0,1
avenirs-portfolio-api,fr.avenirsesr.portfolio.student.skill.infrastructure.adapter.repository,DeclaredSkillDatabaseRepository,12,26,0,0,2,5,1,3,1,3
avenirs-portfolio-api,fr.avenirsesr.portfolio.student.skill.infrastructure.adapter.repository,DeclaredSkillProgressDatabaseRepository,6,71,0,0,1,21,1,5,1,5
avenirs-portfolio-api,fr.avenirsesr.portfolio.shared.infrastructure.context,CustomDateTimeProvider,0,11,0,0,0,4,0,2,0,2
avenirs-portfolio-api,fr.avenirsesr.portfolio.shared.infrastructure.context,PrometheusLogFilter,5,11,3,3,1,3,2,3,0,2
avenirs-portfolio-api,fr.avenirsesr.portfolio.student.selfknowledge.domain.data,SelfKnowledgeElementDetails,0,6,0,0,0,1,0,1,0,1
avenirs-portfolio-api,fr.avenirsesr.portfolio.notification.infrastructure.adapter.repository,NotificationDatabaseRepository,0,45,0,0,0,13,0,3,0,3
avenirs-portfolio-api,fr.avenirsesr.portfolio.user.application.adapter.controller,UserController,76,101,0,2,22,26,4,7,4,6
avenirs-portfolio-api,fr.avenirsesr.portfolio.student.skill.application.adapter.controller,DeclaredSkillProgressController,101,206,0,0,23,54,5,8,5,8
avenirs-portfolio-api,fr.avenirsesr.portfolio.student.association.domain.data,AssociationData,0,12,0,0,0,1,0,1,0,1
avenirs-portfolio-api,fr.avenirsesr.portfolio.student.association.domain.data,AssociationSearchResultData,0,15,0,0,0,1,0,1,0,1
avenirs-portfolio-api,fr.avenirsesr.portfolio.staff.activity.infrastructure.adapter.repository,ActivityDatabaseRepository,37,93,0,4,8,24,1,6,1,4
avenirs-portfolio-api,fr.avenirsesr.portfolio.staff.activity.infrastructure.adapter.repository,ActivityDraftDatabaseRepository,0,7,0,0,0,2,0,1,0,1
avenirs-portfolio-api,fr.avenirsesr.portfolio.staff.activity.infrastructure.adapter.repository,StaffActivityOverviewQueryRepository,73,213,11,9,10,42,11,10,0,7
avenirs-portfolio-api,fr.avenirsesr.portfolio.notification.domain.service,NotificationServiceImpl,5,198,1,13,1,49,1,17,0,10
avenirs-portfolio-api,fr.avenirsesr.portfolio.user.infrastructure.adapter.client,ExternalUserClientImpl,50,40,0,0,17,13,1,3,1,3
avenirs-portfolio-api,fr.avenirsesr.portfolio,AvenirsPortfolioApiApplication,5,3,0,0,2,1,1,1,1,1
avenirs-portfolio-api,fr.avenirsesr.portfolio.student.skill.domain.data,DeclaredSkillAssociationsData,0,12,0,0,0,1,0,1,0,1
avenirs-portfolio-api,fr.avenirsesr.portfolio.student.skill.domain.data,DeclaredSkillProgressDetails,0,9,0,0,0,1,0,1,0,1
avenirs-portfolio-api,fr.avenirsesr.portfolio.student.skill.domain.data,DeclaredSkillProgressData,0,9,0,0,0,1,0,1,0,1
avenirs-portfolio-api,fr.avenirsesr.portfolio.student.skill.domain.data,DeclaredSkillAssociationData,0,9,0,0,0,1,0,1,0,1
avenirs-portfolio-api,fr.avenirsesr.portfolio.student.skill.domain.data,DeclaredSkillAssociationCount,0,9,0,0,0,1,0,1,0,1
avenirs-portfolio-api,fr.avenirsesr.portfolio.staff.activity.domain.data,ActivityPresentationData,0,33,0,0,0,1,0,1,0,1
avenirs-portfolio-api,fr.avenirsesr.portfolio.staff.activity.domain.data,ActivityStaffOverviewData,0,21,0,0,0,1,0,1,0,1
avenirs-portfolio-api,fr.avenirsesr.portfolio.staff.activity.domain.data,ActivityWithStudentStatusData,0,12,0,0,0,1,0,1,0,1
avenirs-portfolio-api,fr.avenirsesr.portfolio.student.skill.domain.service,DeclaredSkillProgressServiceImpl,28,775,2,40,8,204,8,55,6,35
avenirs-portfolio-api,fr.avenirsesr.portfolio.student.skill.domain.service,DeclaredSkillSyncServiceImpl,0,64,0,4,0,20,0,4,0,2
avenirs-portfolio-api,fr.avenirsesr.portfolio.student.selfknowledge.application.adapter.controller,SelfKnowledgeController,7,164,0,0,2,42,1,9,1,9
avenirs-portfolio-api,fr.avenirsesr.portfolio.staff.activity.domain.service,ActivityServiceImpl,142,1282,12,82,29,315,15,78,7,39
avenirs-portfolio-api,fr.avenirsesr.portfolio.staff.activity.domain.service,ActivityServiceImpl.FieldSync,0,30,0,2,0,5,0,3,0,2
avenirs-portfolio-api,fr.avenirsesr.portfolio.notification.infrastructure.adapter.specification,NotificationSpecification,0,36,0,0,0,4,0,6,0,6
avenirs-portfolio-api,fr.avenirsesr.portfolio.student.activity.domain.service,FeedbackServiceImpl,0,588,2,46,0,146,2,39,0,16
avenirs-portfolio-api,fr.avenirsesr.portfolio.student.activity.domain.service,DeclaredActivityServiceImpl,97,924,11,70,23,239,22,74,11,44
