GROUP,PACKAGE,CLASS,INSTRUCTION_MISSED,INSTRUCTION_COVERED,BRANCH_MISSED,BRANCH_COVERED,LINE_MISSED,LINE_COVERED,COMPLEXITY_MISSED,COMPLEXITY_COVERED,METHOD_MISSED,METHOD_COVERED
avenirs-portfolio-api,fr.avenirsesr.portfolio.trace.infrastructure.adapter.openapi,SwaggerSchema,0,15,0,0,0,4,0,1,0,1
avenirs-portfolio-api,fr.avenirsesr.portfolio.trace.infrastructure.adapter.openapi,OpenApiTraceEnumConfiguration,0,12,0,0,0,4,0,3,0,3
avenirs-portfolio-api,fr.avenirsesr.portfolio.trace.domain.service,TraceServiceImpl,6,192,0,14,1,51,1,16,1,9
avenirs-portfolio-api,fr.avenirsesr.portfolio.additionalskill.infrastructure.adapter.cache,AdditionalSkillCacheImpl,2,156,1,1,0,34,1,11,0,11
avenirs-portfolio-api,fr.avenirsesr.portfolio.additionalskill.infrastructure.adapter.cache,AdditionalSkillCacheImpl.new TypeReference() {...},0,3,0,0,0,1,0,1,0,1
avenirs-portfolio-api,fr.avenirsesr.portfolio.file.infrastructure.adapter.service,FileStorageServiceImpl,75,7,4,0,13,2,4,2,2,2
avenirs-portfolio-api,fr.avenirsesr.portfolio.additionalskill.infrastructure.adapter.service,AdditionalSkillServiceConfig,0,21,0,0,0,6,0,3,0,3
avenirs-portfolio-api,fr.avenirsesr.portfolio.ams.infrastructure.adapter.specification,AMSSpecification,76,0,8,0,17,0,9,0,5,0
avenirs-portfolio-api,fr.avenirsesr.portfolio.additionalskill.infrastructure.adapter.specification,AdditionalSkillProgressSpecification,34,0,0,0,6,0,5,0,5,0
avenirs-portfolio-api,fr.avenirsesr.portfolio.ams.application.adapter.controller,AMSController,0,64,0,0,0,14,0,2,0,2
avenirs-portfolio-api,fr.avenirsesr.portfolio.trace.application.adapter.controller,TraceController,103,70,2,0,25,19,5,4,4,4
avenirs-portfolio-api,fr.avenirsesr.portfolio.navigation.access.application.adapter.controller,NavigationAccessController,38,4,0,0,8,1,1,1,1,1
avenirs-portfolio-api,fr.avenirsesr.portfolio.program.infrastructure.adapter.repository,TrainingPathDatabaseRepository,18,10,0,0,7,3,1,1,1,1
avenirs-portfolio-api,fr.avenirsesr.portfolio.program.infrastructure.adapter.repository,InstitutionDatabaseRepository,0,21,2,2,0,6,2,2,0,2
avenirs-portfolio-api,fr.avenirsesr.portfolio.program.infrastructure.adapter.repository,ProgramDatabaseRepository,0,18,1,1,0,6,1,2,0,2
avenirs-portfolio-api,fr.avenirsesr.portfolio.program.infrastructure.adapter.repository,SkillDatabaseRepository,0,21,2,2,0,6,2,2,0,2
avenirs-portfolio-api,fr.avenirsesr.portfolio.program.infrastructure.adapter.repository,SkillLevelDatabaseRepository,6,7,0,0,1,2,1,1,1,1
avenirs-portfolio-api,fr.avenirsesr.portfolio.ams.infrastructure.adapter.repository,AMSDatabaseRepository,59,18,3,1,17,6,3,2,1,2
avenirs-portfolio-api,fr.avenirsesr.portfolio.ams.infrastructure.adapter.repository,CohortDatabaseRepository,8,10,2,0,3,3,2,1,1,1
avenirs-portfolio-api,fr.avenirsesr.portfolio.user.domain.service,UserServiceImpl,38,69,5,10,8,22,6,6,1,3
avenirs-portfolio-api,fr.avenirsesr.portfolio.additionalskill.domain.service,AdditionalSkillServiceImpl,0,55,0,2,0,15,0,5,0,4
avenirs-portfolio-api,fr.avenirsesr.portfolio.ams.domain.service,AMSServiceImpl,0,50,0,0,0,14,0,3,0,3
avenirs-portfolio-api,fr.avenirsesr.portfolio.student.progress.infrastructure.adapter.specification,StudentProgressSpecification,40,0,0,0,9,0,7,0,7,0
avenirs-portfolio-api,fr.avenirsesr.portfolio.program.infrastructure.adapter.service,InstitutionServiceConfig,0,16,0,0,0,5,0,3,0,3
avenirs-portfolio-api,fr.avenirsesr.portfolio.program.infrastructure.adapter.service,TrainingPathServiceConfig,0,12,0,0,0,4,0,2,0,2
avenirs-portfolio-api,fr.avenirsesr.portfolio.additionalskill.infrastructure.adapter.repository,AdditionalSkillDatabaseProgressRepository,75,24,2,2,23,7,6,2,4,2
avenirs-portfolio-api,fr.avenirsesr.portfolio.file.infrastructure.adapter.specification,TraceAttachmentSpecification,10,0,0,0,1,0,2,0,2,0
avenirs-portfolio-api,fr.avenirsesr.portfolio.file.infrastructure.adapter.specification,UserResourceSpecification,47,0,0,0,7,0,4,0,4,0
avenirs-portfolio-api,fr.avenirsesr.portfolio.trace.infrastructure.adapter.service,TraceServiceConfig,0,22,0,0,0,6,0,2,0,2
avenirs-portfolio-api,fr.avenirsesr.portfolio.file.infrastructure.service,TraceAttachmentServiceConfig,0,27,0,0,0,7,0,2,0,2
avenirs-portfolio-api,fr.avenirsesr.portfolio.file.infrastructure.service,UserResourceServiceConfig,0,17,0,0,0,5,0,2,0,2
avenirs-portfolio-api,fr.avenirsesr.portfolio.program.infrastructure.adapter.openapi,OpenApiProgramEnumConfiguration,0,12,0,0,0,4,0,3,0,3
avenirs-portfolio-api,fr.avenirsesr.portfolio.program.infrastructure.adapter.openapi,SwaggerSchema,0,15,0,0,0,4,0,1,0,1
avenirs-portfolio-api,fr.avenirsesr.portfolio.file.domain.service,UserResourceServiceImpl,45,99,3,3,10,21,6,4,4,3
avenirs-portfolio-api,fr.avenirsesr.portfolio.file.domain.service,TraceAttachmentServiceImpl,0,130,1,5,0,32,1,6,0,4
avenirs-portfolio-api,fr.avenirsesr.portfolio.ams.infrastructure.adapter.service,AMSServiceConfig,0,21,0,0,0,6,0,3,0,3
avenirs-portfolio-api,fr.avenirsesr.portfolio.security.infrastructure.filter,DevAuthenticationFilter,20,44,4,8,0,14,4,6,0,4
avenirs-portfolio-api,fr.avenirsesr.portfolio.security.infrastructure.filter,HmacAuthenticationFilter,20,169,5,15,0,44,5,12,0,7
avenirs-portfolio-api,fr.avenirsesr.portfolio.trace.infrastructure.adapter.specification,TraceSpecification,86,0,0,0,19,0,5,0,5,0
avenirs-portfolio-api,fr.avenirsesr.portfolio.file.infrastructure.adapter.repository,UserPhotoDatabaseRepository,28,7,0,0,12,2,2,1,2,1
avenirs-portfolio-api,fr.avenirsesr.portfolio.file.infrastructure.adapter.repository,TraceAttachmentDatabaseRepository,11,7,0,0,5,2,1,1,1,1
avenirs-portfolio-api,fr.avenirsesr.portfolio.shared.infrastructure.adapter.repository,GenericJpaRepositoryAdapter,38,37,4,2,8,11,7,3,4,3
avenirs-portfolio-api,fr.avenirsesr.portfolio.user.infrastructure.adapter.repository,UserDatabaseRepository,14,31,0,0,4,7,2,4,2,4
avenirs-portfolio-api,fr.avenirsesr.portfolio.user.infrastructure.adapter.repository,ExternalUserDatabaseRepository,0,7,0,0,0,2,0,1,0,1
avenirs-portfolio-api,fr.avenirsesr.portfolio.user.infrastructure.adapter.service,UserServiceConfig,0,17,0,0,0,5,0,2,0,2
avenirs-portfolio-api,fr.avenirsesr.portfolio.user.infrastructure.adapter.openapi,OpenApiUserEnumConfiguration,0,15,0,0,0,7,0,3,0,3
avenirs-portfolio-api,fr.avenirsesr.portfolio.user.infrastructure.adapter.openapi,SwaggerSchema,0,29,0,0,0,8,0,1,0,1
avenirs-portfolio-api,fr.avenirsesr.portfolio.ams.infrastructure.adapter.openapi,SwaggerSchema,0,15,0,0,0,4,0,1,0,1
avenirs-portfolio-api,fr.avenirsesr.portfolio.ams.infrastructure.adapter.openapi,OpenApiAmsEnumConfiguration,0,12,0,0,0,4,0,3,0,3
avenirs-portfolio-api,fr.avenirsesr.portfolio.additionalskill.application.adapter.controller,AdditionalSkillController,101,4,0,0,24,1,3,1,3,1
avenirs-portfolio-api,fr.avenirsesr.portfolio.student.progress.infrastructure.adapter.service,StudentProgressServiceConfig,0,16,0,0,0,5,0,3,0,3
avenirs-portfolio-api,fr.avenirsesr.portfolio.file.application.adapter.controller,StorageController,64,4,4,0,19,1,4,1,2,1
avenirs-portfolio-api,fr.avenirsesr.portfolio.file.application.adapter.controller,TraceAttachmentController,0,36,0,0,0,12,0,2,0,2
avenirs-portfolio-api,fr.avenirsesr.portfolio.file.application.adapter.controller,UserResourceController,29,4,0,0,9,1,1,1,1,1
avenirs-portfolio-api,fr.avenirsesr.portfolio.program.application.adapter.controller,TrainingPathController,14,4,0,0,4,1,1,1,1,1
avenirs-portfolio-api,fr.avenirsesr.portfolio.student.progress.domain.service,StudentProgressServiceImpl,2,157,0,4,1,43,1,13,1,11
avenirs-portfolio-api,fr.avenirsesr.portfolio.student.progress.application.adapter.controller,StudentProgressController,48,4,0,0,12,1,4,1,4,1
avenirs-portfolio-api,fr.avenirsesr.portfolio.student.progress.application.adapter.controller,SkillLevelProgressController,39,4,0,0,13,1,2,1,2,1
avenirs-portfolio-api,fr.avenirsesr.portfolio.trace.infrastructure.adapter.repository,TraceDatabaseRepository,95,7,0,0,32,2,4,1,4,1
avenirs-portfolio-api,fr.avenirsesr.portfolio.shared.infrastructure.context,RequestData,0,6,0,0,0,1,0,1,0,1
avenirs-portfolio-api,fr.avenirsesr.portfolio.shared.infrastructure.context,RequestContext,3,16,0,0,1,6,1,4,1,4
avenirs-portfolio-api,fr.avenirsesr.portfolio.shared.infrastructure.context,RequestContextFilter,0,39,0,2,0,11,0,4,0,3
avenirs-portfolio-api,fr.avenirsesr.portfolio.shared.application.adapter.utils,UserUtil,29,4,2,0,6,1,3,1,2,1
avenirs-portfolio-api,fr.avenirsesr.portfolio.user.application.adapter.controller,UserController,44,4,0,0,11,1,2,1,2,1
avenirs-portfolio-api,fr.avenirsesr.portfolio.shared.infrastructure.adapter.utils,TranslationUtil,15,27,0,0,3,8,2,3,2,3
avenirs-portfolio-api,fr.avenirsesr.portfolio.shared.infrastructure.adapter.utils,ValidationUtils,8,6,2,2,2,2,3,1,1,1
avenirs-portfolio-api,fr.avenirsesr.portfolio,AvenirsPortfolioApiApplication,5,3,0,0,2,1,1,1,1,1
avenirs-portfolio-api,fr.avenirsesr.portfolio.student.progress.infrastructure.adapter.repository,StudentProgressDatabaseRepository,81,10,4,0,36,3,7,1,5,1
avenirs-portfolio-api,fr.avenirsesr.portfolio.program.domain.service,InstitutionServiceImpl,0,27,0,0,0,5,0,4,0,4
avenirs-portfolio-api,fr.avenirsesr.portfolio.program.domain.service,TrainingPathServiceImpl,0,20,0,0,0,4,0,3,0,3
