GROUP,PACKAGE,CLASS,INSTRUCTION_MISSED,INSTRUCTION_COVERED,BRANCH_MISSED,BRANCH_COVERED,LINE_MISSED,LINE_COVERED,COMPLEXITY_MISSED,COMPLEXITY_COVERED,METHOD_MISSED,METHOD_COVERED
avenirs-portfolio-api,fr.avenirsesr.portfolio.student.progress.declared.activity.infrastructure.adapter.repository,DeclaredActivityDatabaseRepository,22,96,4,0,5,18,4,7,2,7
avenirs-portfolio-api,fr.avenirsesr.portfolio.student.progress.declared.activity.infrastructure.adapter.repository,FeedbackDatabaseRepository,51,332,1,5,8,81,6,18,5,16
avenirs-portfolio-api,fr.avenirsesr.portfolio.student.progress.declared.program.application.adapter.controller,DeclaredProgramController,0,131,0,0,0,38,0,6,0,6
avenirs-portfolio-api,fr.avenirsesr.portfolio.student.progress.declared.activity.application.adapter.controller,DeclaredActivityController,201,220,2,2,47,52,9,8,7,8
avenirs-portfolio-api,fr.avenirsesr.portfolio.student.progress.declared.activity.application.adapter.controller,FeedbackController,0,203,0,0,0,47,0,9,0,9
avenirs-portfolio-api,fr.avenirsesr.portfolio.student.progress.declared.activity.domain.port.output.repository,FeedbackRepository,0,5,0,0,0,1,0,1,0,1
avenirs-portfolio-api,fr.avenirsesr.portfolio.trace.infrastructure.adapter.client,TraceConfigurationClient,0,57,0,0,0,17,0,3,0,3
avenirs-portfolio-api,fr.avenirsesr.portfolio.trace.domain.filter,ETraceFilterKey,0,33,0,0,0,6,0,1,0,1
avenirs-portfolio-api,fr.avenirsesr.portfolio.trace.domain.filter,TraceFilter,0,76,0,12,0,11,0,8,0,2
avenirs-portfolio-api,fr.avenirsesr.portfolio.selfknowledge.infrastructure.adapter.specification,SelfKnowledgeCategorySpecification,15,96,3,3,0,22,4,7,1,7
avenirs-portfolio-api,fr.avenirsesr.portfolio.selfknowledge.infrastructure.adapter.specification,SelfKnowledgeElementSpecification,10,40,3,3,3,8,4,6,1,6
avenirs-portfolio-api,fr.avenirsesr.portfolio.student.progress.declared.skill.application.adapter.controller,DeclaredSkillProgressController,101,206,0,0,23,54,5,8,5,8
avenirs-portfolio-api,fr.avenirsesr.portfolio.trace.application.adapter.controller,TraceController,110,493,0,0,28,112,4,16,4,16
avenirs-portfolio-api,fr.avenirsesr.portfolio.selfknowledge.application.adapter.controller,SelfKnowledgeController,7,164,0,0,2,42,1,9,1,9
avenirs-portfolio-api,fr.avenirsesr.portfolio.student.progress.declared.program.infrastructure.adapter.specification,DeclaredProgramSpecification,5,49,1,7,2,9,2,6,1,3
avenirs-portfolio-api,fr.avenirsesr.portfolio.activity.domain.service,ActivityServiceImpl.FieldSync,0,30,0,2,0,5,0,3,0,2
avenirs-portfolio-api,fr.avenirsesr.portfolio.activity.domain.service,ActivityServiceImpl,185,1057,14,78,40,260,17,68,8,31
avenirs-portfolio-api,fr.avenirsesr.portfolio.association.infrastructure.adapter.repository,AssociationDatabaseRepository,62,180,8,16,12,42,9,10,1,6
avenirs-portfolio-api,fr.avenirsesr.portfolio.file.infrastructure.service,FileResourceServiceConfig,0,10,0,0,0,1,0,1,0,1
avenirs-portfolio-api,fr.avenirsesr.portfolio.file.infrastructure.service,FileDataGeneratorConfig,0,7,0,0,0,2,0,2,0,2
avenirs-portfolio-api,fr.avenirsesr.portfolio.file.infrastructure.service,UserPhotoSeederConfig,0,7,0,0,0,2,0,2,0,2
avenirs-portfolio-api,fr.avenirsesr.portfolio.student.progress.imported.infrastructure.adapter.repository,StudentProgressDatabaseRepository,0,72,0,0,0,30,0,4,0,4
avenirs-portfolio-api,fr.avenirsesr.portfolio.student.progress.imported.infrastructure.adapter.repository,SkillLevelProgressDatabaseRepository,38,31,1,1,8,6,3,4,2,4
avenirs-portfolio-api,fr.avenirsesr.portfolio.activity.domain.data,ActivityPresentationData,0,33,0,0,0,1,0,1,0,1
avenirs-portfolio-api,fr.avenirsesr.portfolio.activity.domain.data,ActivityStaffOverviewData,0,21,0,0,0,1,0,1,0,1
avenirs-portfolio-api,fr.avenirsesr.portfolio.activity.domain.data,ActivityWithStudentStatusData,0,12,0,0,0,1,0,1,0,1
avenirs-portfolio-api,fr.avenirsesr.portfolio.declaredskill.domain.service,DeclaredSkillSyncServiceImpl,0,64,0,4,0,20,0,4,0,2
avenirs-portfolio-api,fr.avenirsesr.portfolio.trace.domain.data,TraceDetailData,0,39,0,0,0,1,0,1,0,1
avenirs-portfolio-api,fr.avenirsesr.portfolio.trace.domain.data,TraceAssociationsData,0,12,0,0,0,1,0,1,0,1
avenirs-portfolio-api,fr.avenirsesr.portfolio.trace.domain.data,TraceDeclaredActivityData,0,12,0,0,0,1,0,1,0,1
avenirs-portfolio-api,fr.avenirsesr.portfolio.trace.domain.data,TraceWithProjectNameData,0,9,0,0,0,1,0,1,0,1
avenirs-portfolio-api,fr.avenirsesr.portfolio.trace.domain.data,TracesSummaryData,0,15,0,0,0,1,0,1,0,1
avenirs-portfolio-api,fr.avenirsesr.portfolio.trace.domain.data,TraceLockedDeclaredActivitiesData,0,12,0,0,0,1,0,1,0,1
avenirs-portfolio-api,fr.avenirsesr.portfolio.trace.domain.data,TraceViewData,0,33,0,0,0,1,0,1,0,1
avenirs-portfolio-api,fr.avenirsesr.portfolio.trace.domain.data,TraceAssociationData,0,9,0,0,0,1,0,1,0,1
avenirs-portfolio-api,fr.avenirsesr.portfolio.activity.application.adapter.controller,ActivityController,152,418,0,2,40,97,6,14,6,13
avenirs-portfolio-api,fr.avenirsesr.portfolio.user.infrastructure.adapter.specification,StudentSpecification,0,12,0,0,0,2,0,2,0,2
avenirs-portfolio-api,fr.avenirsesr.portfolio.user.infrastructure.adapter.repository,UserPrincipalDatabaseRepository,0,63,0,2,0,20,0,5,0,4
avenirs-portfolio-api,fr.avenirsesr.portfolio.user.infrastructure.adapter.repository,StudentDatabaseRepository,33,38,2,0,9,10,3,2,2,2
avenirs-portfolio-api,fr.avenirsesr.portfolio.user.infrastructure.adapter.repository,GenericUserJpaRepositoryAdapter,0,10,0,0,0,3,0,2,0,2
avenirs-portfolio-api,fr.avenirsesr.portfolio.user.infrastructure.adapter.repository,StaffDatabaseRepository,0,10,0,0,0,3,0,1,0,1
avenirs-portfolio-api,fr.avenirsesr.portfolio.user.infrastructure.adapter.repository,UserDatabaseRepository,0,11,0,0,0,3,0,2,0,2
avenirs-portfolio-api,fr.avenirsesr.portfolio.student.progress.declared.skill.domain.service,DeclaredSkillProgressServiceImpl,28,775,2,40,8,204,8,55,6,35
avenirs-portfolio-api,fr.avenirsesr.portfolio.activity.infrastructure.adapter.specification,ActivitySpecification,33,19,4,0,8,3,7,4,5,4
avenirs-portfolio-api,fr.avenirsesr.portfolio.shared.infrastructure.context,CustomDateTimeProvider,0,11,0,0,0,4,0,2,0,2
avenirs-portfolio-api,fr.avenirsesr.portfolio.shared.infrastructure.context,PrometheusLogFilter,5,11,3,3,1,3,2,3,0,2
avenirs-portfolio-api,fr.avenirsesr.portfolio.user.application.adapter.controller,UserController,76,78,0,2,22,22,4,6,4,5
avenirs-portfolio-api,fr.avenirsesr.portfolio.student.progress.declared.experience.application.adapter.controller,DeclaredExperienceController,65,222,0,0,12,62,1,10,1,10
avenirs-portfolio-api,fr.avenirsesr.portfolio.program.infrastructure.adapter.client,InstitutionConfigClientImpl,50,10,0,0,13,4,1,2,1,2
avenirs-portfolio-api,fr.avenirsesr.portfolio.student.progress.declared.activity.infrastructure.adapter.specification,DeclaredActivitySpecification,34,37,1,3,5,7,8,5,7,4
avenirs-portfolio-api,fr.avenirsesr.portfolio.student.progress.declared.activity.infrastructure.adapter.specification,FeedbackSpecification,0,62,0,4,0,10,0,10,0,8
avenirs-portfolio-api,fr.avenirsesr.portfolio.user.infrastructure.adapter.client,ExternalUserClientImpl,50,40,0,0,17,13,1,3,1,3
avenirs-portfolio-api,fr.avenirsesr.portfolio.student.progress.imported.domain.data,SkillProgressData,0,45,0,4,0,11,0,6,0,4
avenirs-portfolio-api,fr.avenirsesr.portfolio.selfknowledge.infrastructure.adapter.repository,SelfKnowledgeCategoryDatabaseRepository,0,26,0,0,0,6,0,4,0,4
avenirs-portfolio-api,fr.avenirsesr.portfolio.selfknowledge.infrastructure.adapter.repository,SelfKnowledgeElementDatabaseRepository,10,30,0,0,4,9,1,2,1,2
avenirs-portfolio-api,fr.avenirsesr.portfolio.student.progress.declared.program.domain.service,DeclaredProgramServiceImpl,0,258,0,9,0,57,0,16,0,11
avenirs-portfolio-api,fr.avenirsesr.portfolio.student.progress.declared.activity.domain.data,FeedbackDashboardData,0,15,0,0,0,1,0,1,0,1
avenirs-portfolio-api,fr.avenirsesr.portfolio.student.progress.declared.activity.domain.data,DeclaredActivityAssociationData,0,12,0,0,0,1,0,1,0,1
avenirs-portfolio-api,fr.avenirsesr.portfolio.student.progress.declared.activity.domain.data,FeedbackData,0,33,0,0,0,1,0,1,0,1
avenirs-portfolio-api,fr.avenirsesr.portfolio.student.progress.declared.activity.domain.data,DeclaredActivityAssociationsData,0,9,0,0,0,1,0,1,0,1
avenirs-portfolio-api,fr.avenirsesr.portfolio.student.progress.declared.activity.domain.data,DeclaredActivityDetailsData,0,9,0,0,0,1,0,1,0,1
avenirs-portfolio-api,fr.avenirsesr.portfolio.student.progress.declared.activity.domain.service,FeedbackServiceImpl,0,466,2,34,0,120,2,29,0,12
avenirs-portfolio-api,fr.avenirsesr.portfolio.student.progress.declared.activity.domain.service,DeclaredActivityServiceImpl,97,926,11,70,23,239,22,74,11,44
avenirs-portfolio-api,fr.avenirsesr.portfolio.student.progress.imported.infrastructure.adapter.specification,StudentProgressSpecification,3,16,0,0,1,3,1,2,1,2
avenirs-portfolio-api,fr.avenirsesr.portfolio.student.progress.imported.infrastructure.adapter.specification,SkillLevelProgressSpecification,69,31,4,0,18,6,5,2,3,2
avenirs-portfolio-api,fr.avenirsesr.portfolio.declaredskill.infrastructure.adapter.converter,PathSegmentsConverter,0,27,0,8,0,7,0,7,0,3
avenirs-portfolio-api,fr.avenirsesr.portfolio.student.progress.imported.domain.service,StudentProgressServiceImpl,2,219,0,4,1,60,1,18,1,16
avenirs-portfolio-api,fr.avenirsesr.portfolio.student.progress.imported.domain.service,SkillLevelProgressServiceImpl,22,8,0,0,4,2,1,2,1,2
avenirs-portfolio-api,fr.avenirsesr.portfolio.file.domain.data,FileData,0,12,0,0,0,1,0,1,0,1
avenirs-portfolio-api,fr.avenirsesr.portfolio.selfknowledge.domain.data,SelfKnowledgeElementDetails,0,6,0,0,0,1,0,1,0,1
avenirs-portfolio-api,fr.avenirsesr.portfolio.trace.domain.service,TraceServiceImpl,176,1306,12,46,38,334,15,89,7,68
avenirs-portfolio-api,fr.avenirsesr.portfolio.student.progress.declared.skill.infrastructure.adapter.repository,DeclaredSkillProgressDatabaseRepository,6,71,0,0,1,21,1,5,1,5
avenirs-portfolio-api,fr.avenirsesr.portfolio.student.progress.declared.skill.infrastructure.adapter.specification,DeclaredSkillProgressSpecification,31,71,6,6,6,16,6,8,1,7
avenirs-portfolio-api,fr.avenirsesr.portfolio.declaredskill.infrastructure.adapter.repository,DeclaredSkillDatabaseRepository,12,26,0,0,2,5,1,3,1,3
avenirs-portfolio-api,fr.avenirsesr.portfolio.shared.application.adapter,Utils,10,42,0,6,3,10,1,4,1,1
avenirs-portfolio-api,fr.avenirsesr.portfolio.shared.application.adapter.controller,SeedingAdminController,88,0,14,0,22,0,9,0,2,0
avenirs-portfolio-api,fr.avenirsesr.portfolio.navigation.access.application.adapter.controller,NavigationAccessController,0,34,0,0,0,8,0,2,0,2
avenirs-portfolio-api,fr.avenirsesr.portfolio.program.infrastructure.adapter.repository,InstitutionDatabaseRepository,0,12,0,0,0,3,0,1,0,1
avenirs-portfolio-api,fr.avenirsesr.portfolio.program.infrastructure.adapter.repository,ProgramDatabaseRepository,0,10,0,0,0,3,0,1,0,1
avenirs-portfolio-api,fr.avenirsesr.portfolio.program.infrastructure.adapter.repository,SkillDatabaseRepository,0,10,0,0,0,3,0,1,0,1
avenirs-portfolio-api,fr.avenirsesr.portfolio.program.infrastructure.adapter.repository,SkillLevelDatabaseRepository,0,7,0,0,0,2,0,1,0,1
avenirs-portfolio-api,fr.avenirsesr.portfolio.program.infrastructure.adapter.repository,TrainingPathDatabaseRepository,0,10,0,0,0,3,0,1,0,1
avenirs-portfolio-api,fr.avenirsesr.portfolio.user.domain.service,UserServiceImpl,72,226,13,14,15,60,13,17,4,10
avenirs-portfolio-api,fr.avenirsesr.portfolio.user.domain.service,StudentServiceImpl,115,111,3,3,27,32,10,8,8,7
avenirs-portfolio-api,fr.avenirsesr.portfolio.user.domain.service,StaffServiceImpl,109,100,4,2,25,28,10,6,7,6
avenirs-portfolio-api,fr.avenirsesr.portfolio.student.progress.declared.skill.domain.data,DeclaredSkillAssociationsData,0,12,0,0,0,1,0,1,0,1
avenirs-portfolio-api,fr.avenirsesr.portfolio.student.progress.declared.skill.domain.data,DeclaredSkillProgressDetails,0,9,0,0,0,1,0,1,0,1
avenirs-portfolio-api,fr.avenirsesr.portfolio.student.progress.declared.skill.domain.data,DeclaredSkillAssociationData,0,9,0,0,0,1,0,1,0,1
avenirs-portfolio-api,fr.avenirsesr.portfolio.student.progress.declared.skill.domain.data,DeclaredSkillProgressData,0,9,0,0,0,1,0,1,0,1
avenirs-portfolio-api,fr.avenirsesr.portfolio.student.progress.declared.skill.domain.data,DeclaredSkillAssociationCount,0,9,0,0,0,1,0,1,0,1
avenirs-portfolio-api,fr.avenirsesr.portfolio.student.progress.declared.experience.domain.service,DeclaredExperienceServiceImpl,74,681,8,26,14,168,10,43,6,30
avenirs-portfolio-api,fr.avenirsesr.portfolio.association.domain.data,AssociationData,0,12,0,0,0,1,0,1,0,1
avenirs-portfolio-api,fr.avenirsesr.portfolio.association.domain.data,AssociationSearchResultData,0,15,0,0,0,1,0,1,0,1
avenirs-portfolio-api,fr.avenirsesr.portfolio.student.progress.declared.experience.domain.data,DeclaredExperienceAssociationData,0,9,0,0,0,1,0,1,0,1
avenirs-portfolio-api,fr.avenirsesr.portfolio.student.progress.declared.experience.domain.data,DeclaredExperienceAssociationsData,0,9,0,0,0,1,0,1,0,1
avenirs-portfolio-api,fr.avenirsesr.portfolio.student.progress.declared.experience.infrastructure.adapter.repository,DeclaredExperienceDatabaseRepository,0,45,0,0,0,12,0,3,0,3
avenirs-portfolio-api,fr.avenirsesr.portfolio.declaredskill.infrastructure.adapter.client,ExternalSkillClient.new ParameterizedTypeReference() {...},0,3,0,0,0,1,0,1,0,1
avenirs-portfolio-api,fr.avenirsesr.portfolio.declaredskill.infrastructure.adapter.client,ExternalSkillClient,0,247,0,8,0,63,0,10,0,6
avenirs-portfolio-api,fr.avenirsesr.portfolio.user.domain.data,UserProfileOverviewData,0,24,0,0,0,1,0,1,0,1
avenirs-portfolio-api,fr.avenirsesr.portfolio.user.domain.data,UserQuickLinksData,0,21,0,0,0,1,0,1,0,1
avenirs-portfolio-api,fr.avenirsesr.portfolio.file.domain.service,FileResourceServiceImpl,87,48,3,1,15,13,6,2,4,2
avenirs-portfolio-api,fr.avenirsesr.portfolio.activity.infrastructure.adapter.repository,ActivityDatabaseRepository,37,93,0,4,8,24,1,6,1,4
avenirs-portfolio-api,fr.avenirsesr.portfolio.activity.infrastructure.adapter.repository,ActivityDraftDatabaseRepository,0,7,0,0,0,2,0,1,0,1
avenirs-portfolio-api,fr.avenirsesr.portfolio.activity.infrastructure.adapter.repository,StaffActivityOverviewQueryRepository,73,213,11,9,10,42,11,10,0,7
avenirs-portfolio-api,fr.avenirsesr.portfolio.trace.infrastructure.adapter.specification,TraceSpecification,13,168,0,8,3,29,3,12,3,8
avenirs-portfolio-api,fr.avenirsesr.portfolio.trace.infrastructure.adapter.specification,TraceFilterSpecificationBuilder,114,69,15,18,25,14,11,15,0,8
avenirs-portfolio-api,fr.avenirsesr.portfolio.file.infrastructure.adapter.repository,FileDatabaseRepository,0,7,0,0,0,2,0,1,0,1
avenirs-portfolio-api,fr.avenirsesr.portfolio.shared.infrastructure.service,ClockServiceConfig,0,7,0,0,0,2,0,2,0,2
avenirs-portfolio-api,fr.avenirsesr.portfolio.file.application.adapter.controller,StorageController,23,44,0,0,5,15,1,3,1,3
avenirs-portfolio-api,fr.avenirsesr.portfolio.association.domain.service,AssociationServiceImpl,2,110,1,7,1,25,1,11,0,8
avenirs-portfolio-api,fr.avenirsesr.portfolio.association.domain.service,AssociationSearchHelper,2,68,2,6,0,19,2,4,0,2
avenirs-portfolio-api,fr.avenirsesr.portfolio.notification.application.adapter.controller,NotificationController,0,71,0,0,0,14,0,3,0,3
avenirs-portfolio-api,fr.avenirsesr.portfolio.shared.domain.service,ClockServiceImpl,7,24,0,0,3,8,2,5,2,5
avenirs-portfolio-api,fr.avenirsesr.portfolio.shared.domain.service,LoggedInUserServiceImpl,4,28,1,1,1,6,1,4,0,4
avenirs-portfolio-api,fr.avenirsesr.portfolio.association.infrastructure.adapter.specification,AssociationSpecification,15,135,3,7,3,24,6,13,3,11
avenirs-portfolio-api,fr.avenirsesr.portfolio.trace.infrastructure.adapter.repository,TraceDatabaseRepository,42,142,11,7,11,34,10,7,1,7
avenirs-portfolio-api,fr.avenirsesr.portfolio.notification.infrastructure.adapter.repository,NotificationDatabaseRepository,0,45,0,0,0,13,0,3,0,3
avenirs-portfolio-api,fr.avenirsesr.portfolio.notification.domain.service,NotificationServiceImpl,5,198,1,13,1,49,1,17,0,10
avenirs-portfolio-api,fr.avenirsesr.portfolio.student.progress.declared.experience.infrastructure.adapter.specification,DeclaredExperienceSpecification,6,91,2,6,2,19,3,8,1,6
avenirs-portfolio-api,fr.avenirsesr.portfolio,AvenirsPortfolioApiApplication,5,3,0,0,2,1,1,1,1,1
avenirs-portfolio-api,fr.avenirsesr.portfolio.association.domain.utils,AssociationUtils,0,19,0,2,0,4,0,3,0,2
avenirs-portfolio-api,fr.avenirsesr.portfolio.student.progress.declared.program.infrastructure.adapter.repository,DeclaredProgramDatabaseRepository,0,31,0,0,0,10,0,2,0,2
avenirs-portfolio-api,fr.avenirsesr.portfolio.student.progress.imported.application.adapter.controller,SkillLevelProgressController,56,50,0,0,16,17,3,4,3,4
avenirs-portfolio-api,fr.avenirsesr.portfolio.student.progress.imported.application.adapter.controller,StudentProgressController,0,59,0,0,0,14,0,6,0,6
avenirs-portfolio-api,fr.avenirsesr.portfolio.notification.infrastructure.adapter.specification,NotificationSpecification,0,36,0,0,0,4,0,6,0,6
avenirs-portfolio-api,fr.avenirsesr.portfolio.program.domain.service,InstitutionServiceImpl,0,73,0,0,0,18,0,5,0,5
avenirs-portfolio-api,fr.avenirsesr.portfolio.selfknowledge.domain.service,SelfKnowledgeServiceImpl,4,435,4,32,1,117,4,36,0,22
