GROUP,PACKAGE,CLASS,INSTRUCTION_MISSED,INSTRUCTION_COVERED,BRANCH_MISSED,BRANCH_COVERED,LINE_MISSED,LINE_COVERED,COMPLEXITY_MISSED,COMPLEXITY_COVERED,METHOD_MISSED,METHOD_COVERED
avenirs-portfolio-api,fr.avenirsesr.portfolio.api.application.adapter.controller,NavigationAccessController,0,72,0,2,0,16,0,3,0,2
avenirs-portfolio-api,fr.avenirsesr.portfolio.api.application.adapter.controller,ProgramProgressController,0,47,0,2,0,12,0,4,0,3
avenirs-portfolio-api,fr.avenirsesr.portfolio.api.application.adapter.controller,TraceController,0,43,0,0,0,10,0,3,0,3
avenirs-portfolio-api,fr.avenirsesr.portfolio.api.application.adapter.controller,UserController,65,0,2,0,19,0,5,0,4,0
avenirs-portfolio-api,fr.avenirsesr.portfolio.api.application.adapter.controller,RessourceController,74,0,6,0,18,0,7,0,4,0
avenirs-portfolio-api,fr.avenirsesr.portfolio.api.infrastructure.adapter.security,HmacAuthenticationFilter,20,166,5,15,0,42,5,12,0,7
avenirs-portfolio-api,fr.avenirsesr.portfolio.api.infrastructure.adapter.security,HmacAuthenticationToken,0,15,0,0,0,6,0,3,0,3
avenirs-portfolio-api,fr.avenirsesr.portfolio.api.infrastructure.adapter.security,CustomAuthenticationEntryPoint,0,30,0,0,0,8,0,2,0,2
avenirs-portfolio-api,fr.avenirsesr.portfolio.api.infrastructure.adapter.security,SecurityConfig,0,44,0,0,0,11,0,4,0,4
avenirs-portfolio-api,fr.avenirsesr.portfolio.api.infrastructure.adapter.model,InstitutionEntity,4,43,2,2,1,12,2,3,0,3
avenirs-portfolio-api,fr.avenirsesr.portfolio.api.infrastructure.adapter.model,ExternalUserEntity,0,24,0,0,0,9,0,1,0,1
avenirs-portfolio-api,fr.avenirsesr.portfolio.api.infrastructure.adapter.model,SkillEntity,10,0,0,0,1,0,1,0,1,0
avenirs-portfolio-api,fr.avenirsesr.portfolio.api.infrastructure.adapter.model,SkillLevelEntity,10,0,0,0,1,0,1,0,1,0
avenirs-portfolio-api,fr.avenirsesr.portfolio.api.infrastructure.adapter.repository,SkillLevelDatabaseRepository,10,23,0,0,5,7,1,2,1,2
avenirs-portfolio-api,fr.avenirsesr.portfolio.api.infrastructure.adapter.repository,ProgramDatabaseRepository,0,7,0,0,0,2,0,1,0,1
avenirs-portfolio-api,fr.avenirsesr.portfolio.api.infrastructure.adapter.repository,RessourceFileSystemRepository,44,69,0,0,8,14,4,6,4,6
avenirs-portfolio-api,fr.avenirsesr.portfolio.api.infrastructure.adapter.repository,InstitutionDatabaseRepository,0,7,0,0,0,2,0,1,0,1
avenirs-portfolio-api,fr.avenirsesr.portfolio.api.infrastructure.adapter.repository,SkillDatabaseRepository,10,13,0,0,3,4,2,2,2,2
avenirs-portfolio-api,fr.avenirsesr.portfolio.api.infrastructure.adapter.repository,ProgramProgressDatabaseRepository,0,35,0,0,0,14,0,3,0,3
avenirs-portfolio-api,fr.avenirsesr.portfolio.api.infrastructure.adapter.repository,GenericJpaRepositoryAdapter,4,46,0,0,2,11,1,4,1,4
avenirs-portfolio-api,fr.avenirsesr.portfolio.api.infrastructure.adapter.repository,ExternalUserDatabaseRepository,0,7,0,0,0,2,0,1,0,1
avenirs-portfolio-api,fr.avenirsesr.portfolio.api.infrastructure.adapter.repository,TraceDatabaseRepository,3,33,0,0,1,10,1,3,1,3
avenirs-portfolio-api,fr.avenirsesr.portfolio.api.infrastructure.adapter.repository,AMSDatabaseRepository,0,7,0,0,0,2,0,1,0,1
avenirs-portfolio-api,fr.avenirsesr.portfolio.api.infrastructure.adapter.repository,UserDatabaseRepository,14,31,0,0,4,7,2,4,2,4
avenirs-portfolio-api,fr.avenirsesr.portfolio.api.domain.service,ProgramProgressServiceImpl,2,146,1,15,1,36,2,21,1,14
avenirs-portfolio-api,fr.avenirsesr.portfolio.api.domain.service,InstitutionServiceImpl,0,26,0,0,0,5,0,4,0,4
avenirs-portfolio-api,fr.avenirsesr.portfolio.api.domain.service,TraceServiceImpl,0,48,0,4,0,15,0,7,0,5
avenirs-portfolio-api,fr.avenirsesr.portfolio.api.domain.service,RessourceServiceImpl,0,26,0,4,0,6,0,4,0,2
avenirs-portfolio-api,fr.avenirsesr.portfolio.api.domain.service,UserServiceImpl,4,123,3,11,1,37,4,10,1,6
avenirs-portfolio-api,fr.avenirsesr.portfolio.api.infrastructure.adapter.specification,ProgramProgressSpecification,3,24,0,0,1,4,1,4,1,4
avenirs-portfolio-api,fr.avenirsesr.portfolio.api.infrastructure.adapter.specification,TraceSpecification,3,10,0,0,1,1,1,2,1,2
avenirs-portfolio-api,fr.avenirsesr.portfolio.api.domain.utils,RessourceUtils,44,0,10,0,13,0,8,0,3,0
avenirs-portfolio-api,fr.avenirsesr.portfolio.api.domain.utils,UserUtils,14,0,2,0,5,0,3,0,2,0
avenirs-portfolio-api,fr.avenirsesr.portfolio.api.domain.model.enums,EUserCategory,28,25,4,0,5,6,4,2,2,2
avenirs-portfolio-api,fr.avenirsesr.portfolio.api.domain.model.enums,ESkillLevelStatus,0,33,0,0,0,6,0,1,0,1
avenirs-portfolio-api,fr.avenirsesr.portfolio.api.domain.model.enums,EErrorCode,0,118,0,0,0,18,0,2,0,2
avenirs-portfolio-api,fr.avenirsesr.portfolio.api.domain.model.enums,EExternalSource,0,9,0,0,0,2,0,1,0,1
avenirs-portfolio-api,fr.avenirsesr.portfolio.api.domain.model.enums,ESecurityKeys,0,60,0,4,0,11,0,5,0,3
avenirs-portfolio-api,fr.avenirsesr.portfolio.api.domain.model.enums,EPortfolioType,0,15,0,0,0,3,0,1,0,1
avenirs-portfolio-api,fr.avenirsesr.portfolio.api,AvenirsPortfolioApiApplication,5,3,0,0,2,1,1,1,1,1
avenirs-portfolio-api,fr.avenirsesr.portfolio.api.domain.model,SkillLevel,10,46,0,0,1,15,1,3,1,3
avenirs-portfolio-api,fr.avenirsesr.portfolio.api.domain.model,Trace,0,53,0,0,0,16,0,3,0,3
avenirs-portfolio-api,fr.avenirsesr.portfolio.api.domain.model,Skill,10,26,0,0,1,7,1,3,1,3
avenirs-portfolio-api,fr.avenirsesr.portfolio.api.domain.model,AMS,11,20,0,0,3,7,1,2,1,2
avenirs-portfolio-api,fr.avenirsesr.portfolio.api.domain.model,ProgramProgress,0,31,0,0,0,8,0,3,0,3
avenirs-portfolio-api,fr.avenirsesr.portfolio.api.domain.model,User,0,83,0,0,0,24,0,5,0,5
avenirs-portfolio-api,fr.avenirsesr.portfolio.api.domain.model,Program,0,31,0,0,0,8,0,3,0,3
avenirs-portfolio-api,fr.avenirsesr.portfolio.api.domain.model,Teacher,15,22,0,0,3,8,3,2,3,2
avenirs-portfolio-api,fr.avenirsesr.portfolio.api.domain.model,Student,5,32,0,0,1,10,1,4,1,4
avenirs-portfolio-api,fr.avenirsesr.portfolio.api.domain.model,Institution,0,32,0,0,0,10,0,3,0,3
avenirs-portfolio-api,fr.avenirsesr.portfolio.api.domain.model,ExternalUser,0,35,0,0,0,10,0,2,0,2
