GROUP,PACKAGE,CLASS,INSTRUCTION_MISSED,INSTRUCTION_COVERED,BRANCH_MISSED,BRANCH_COVERED,LINE_MISSED,LINE_COVERED,COMPLEXITY_MISSED,COMPLEXITY_COVERED,METHOD_MISSED,METHOD_COVERED
avenirs-portfolio-api,fr.avenirsesr.portfolio.student.progress.declared.activity.infrastructure.adapter.repository,DeclaredActivityDatabaseRepository,22,83,4,0,5,16,4,5,2,5
avenirs-portfolio-api,fr.avenirsesr.portfolio.student.progress.declared.program.application.adapter.controller,DeclaredProgramController,0,103,0,0,0,37,0,6,0,6
avenirs-portfolio-api,fr.avenirsesr.portfolio.student.progress.declared.activity.application.adapter.controller,DeclaredActivityController,109,249,6,2,30,61,10,8,6,8
avenirs-portfolio-api,fr.avenirsesr.portfolio.trace.infrastructure.adapter.client,TraceConfigurationClient,0,57,0,0,0,17,0,3,0,3
avenirs-portfolio-api,fr.avenirsesr.portfolio.trace.domain.filter,ETraceFilterKey,0,27,0,0,0,5,0,1,0,1
avenirs-portfolio-api,fr.avenirsesr.portfolio.trace.domain.filter,TraceFilter,0,66,0,12,0,8,0,8,0,2
avenirs-portfolio-api,fr.avenirsesr.portfolio.selfknowledge.infrastructure.adapter.specification,SelfKnowledgeCategorySpecification,15,96,3,3,0,22,4,7,1,7
avenirs-portfolio-api,fr.avenirsesr.portfolio.selfknowledge.infrastructure.adapter.specification,SelfKnowledgeElementSpecification,35,0,4,0,7,0,7,0,5,0
avenirs-portfolio-api,fr.avenirsesr.portfolio.ams.infrastructure.adapter.specification,AMSSpecification,45,0,4,0,10,0,5,0,3,0
avenirs-portfolio-api,fr.avenirsesr.portfolio.student.progress.declared.skill.application.adapter.controller,DeclaredSkillProgressController,83,169,0,0,24,44,5,6,5,6
avenirs-portfolio-api,fr.avenirsesr.portfolio.ams.application.adapter.controller,AMSController,0,58,0,0,0,13,0,2,0,2
avenirs-portfolio-api,fr.avenirsesr.portfolio.trace.application.adapter.controller,TraceController,179,330,0,0,43,77,7,11,7,11
avenirs-portfolio-api,fr.avenirsesr.portfolio.selfknowledge.application.adapter.controller,SelfKnowledgeController,68,74,0,0,17,26,3,7,3,7
avenirs-portfolio-api,fr.avenirsesr.portfolio.ams.domain.service,AMSServiceImpl,11,62,0,0,2,15,1,3,1,3
avenirs-portfolio-api,fr.avenirsesr.portfolio.activity.domain.service,ActivityServiceImpl,0,216,0,0,0,58,0,11,0,11
avenirs-portfolio-api,fr.avenirsesr.portfolio.association.infrastructure.adapter.repository,AssociationDatabaseRepository,24,97,1,7,6,22,2,7,1,4
avenirs-portfolio-api,fr.avenirsesr.portfolio.file.infrastructure.service,ActivityResourceServiceConfig,0,10,0,0,0,1,0,1,0,1
avenirs-portfolio-api,fr.avenirsesr.portfolio.file.infrastructure.service,TraceAttachmentServiceConfig,0,11,0,0,0,1,0,1,0,1
avenirs-portfolio-api,fr.avenirsesr.portfolio.file.infrastructure.service,FileDataGeneratorConfig,0,7,0,0,0,2,0,2,0,2
avenirs-portfolio-api,fr.avenirsesr.portfolio.file.infrastructure.service,UserPhotoSeederConfig,0,14,0,0,0,3,0,3,0,3
avenirs-portfolio-api,fr.avenirsesr.portfolio.file.infrastructure.service,UserResourceServiceConfig,0,22,0,0,0,6,0,2,0,2
avenirs-portfolio-api,fr.avenirsesr.portfolio.student.progress.imported.infrastructure.adapter.repository,StudentProgressDatabaseRepository,22,77,1,1,9,32,1,5,0,5
avenirs-portfolio-api,fr.avenirsesr.portfolio.student.progress.imported.infrastructure.adapter.repository,SkillLevelProgressDatabaseRepository,43,31,1,1,9,6,4,4,3,4
avenirs-portfolio-api,fr.avenirsesr.portfolio.activity.domain.data,ActivityWithStudentStatusData,0,12,0,0,0,1,0,1,0,1
avenirs-portfolio-api,fr.avenirsesr.portfolio.activity.domain.data,ActivityDetailData,0,33,0,0,0,1,0,1,0,1
avenirs-portfolio-api,fr.avenirsesr.portfolio.declaredskill.domain.service,DeclaredSkillSyncServiceImpl,0,64,0,4,0,20,0,4,0,2
avenirs-portfolio-api,fr.avenirsesr.portfolio.trace.domain.data,AmsAssociationData,12,0,0,0,1,0,1,0,1,0
avenirs-portfolio-api,fr.avenirsesr.portfolio.trace.domain.data,TraceDetailData,0,36,0,0,0,1,0,1,0,1
avenirs-portfolio-api,fr.avenirsesr.portfolio.trace.domain.data,TraceAssociationsData,0,12,0,0,0,1,0,1,0,1
avenirs-portfolio-api,fr.avenirsesr.portfolio.trace.domain.data,TraceWithProjectNameData,0,9,0,0,0,1,0,1,0,1
avenirs-portfolio-api,fr.avenirsesr.portfolio.trace.domain.data,TracesSummaryData,0,15,0,0,0,1,0,1,0,1
avenirs-portfolio-api,fr.avenirsesr.portfolio.trace.domain.data,SkillLevelAssociationData,18,0,0,0,1,0,1,0,1,0
avenirs-portfolio-api,fr.avenirsesr.portfolio.trace.domain.data,TraceAssociationData,0,9,0,0,0,1,0,1,0,1
avenirs-portfolio-api,fr.avenirsesr.portfolio.activity.application.adapter.controller,ActivityController,0,122,0,0,0,29,0,5,0,5
avenirs-portfolio-api,fr.avenirsesr.portfolio.user.infrastructure.adapter.specification,StudentSpecification,0,12,0,0,0,2,0,2,0,2
avenirs-portfolio-api,fr.avenirsesr.portfolio.user.infrastructure.adapter.repository,ExternalUserDatabaseRepository,0,7,0,0,0,2,0,1,0,1
avenirs-portfolio-api,fr.avenirsesr.portfolio.user.infrastructure.adapter.repository,StudentDatabaseRepository,33,38,2,0,9,10,3,2,2,2
avenirs-portfolio-api,fr.avenirsesr.portfolio.user.infrastructure.adapter.repository,GenericUserJpaRepositoryAdapter,0,10,0,0,0,3,0,2,0,2
avenirs-portfolio-api,fr.avenirsesr.portfolio.user.infrastructure.adapter.repository,StaffDatabaseRepository,0,10,0,0,0,3,0,1,0,1
avenirs-portfolio-api,fr.avenirsesr.portfolio.user.infrastructure.adapter.repository,UserDatabaseRepository,0,11,0,0,0,3,0,2,0,2
avenirs-portfolio-api,fr.avenirsesr.portfolio.student.progress.declared.skill.domain.service,DeclaredSkillProgressServiceImpl,101,453,10,18,22,120,14,28,9,19
avenirs-portfolio-api,fr.avenirsesr.portfolio.activity.infrastructure.adapter.specification,ActivitySpecification,33,10,4,0,8,1,7,2,5,2
avenirs-portfolio-api,fr.avenirsesr.portfolio.shared.infrastructure.context,PrometheusLogFilter,5,11,3,3,1,3,2,3,0,2
avenirs-portfolio-api,fr.avenirsesr.portfolio.user.application.adapter.controller,UserController,0,62,0,0,0,16,0,3,0,3
avenirs-portfolio-api,fr.avenirsesr.portfolio.student.progress.declared.experience.application.adapter.controller,DeclaredExperienceController,0,125,0,0,0,43,0,7,0,7
avenirs-portfolio-api,fr.avenirsesr.portfolio.program.infrastructure.adapter.client,InstitutionConfigClientImpl,50,10,0,0,13,4,1,2,1,2
avenirs-portfolio-api,fr.avenirsesr.portfolio.student.progress.declared.activity.infrastructure.adapter.specification,DeclaredActivitySpecification,34,25,1,3,5,6,8,3,7,2
avenirs-portfolio-api,fr.avenirsesr.portfolio.student.progress.imported.domain.data,SkillLevelProgressWithTraceCountData,0,9,0,0,0,1,0,1,0,1
avenirs-portfolio-api,fr.avenirsesr.portfolio.student.progress.imported.domain.data,SkillProgressData,0,46,0,4,0,14,0,6,0,4
avenirs-portfolio-api,fr.avenirsesr.portfolio.selfknowledge.infrastructure.adapter.repository,SelfKnowledgeCategoryDatabaseRepository,0,26,0,0,0,6,0,4,0,4
avenirs-portfolio-api,fr.avenirsesr.portfolio.selfknowledge.infrastructure.adapter.repository,SelfKnowledgeElementDatabaseRepository,27,10,0,0,9,3,2,1,2,1
avenirs-portfolio-api,fr.avenirsesr.portfolio.student.progress.declared.program.domain.service,DeclaredProgramServiceImpl,0,236,0,9,0,56,0,16,0,11
avenirs-portfolio-api,fr.avenirsesr.portfolio.student.progress.declared.activity.domain.data,DeclaredActivityAssociationData,0,9,0,0,0,1,0,1,0,1
avenirs-portfolio-api,fr.avenirsesr.portfolio.student.progress.declared.activity.domain.data,DeclaredActivityAssociationsData,0,9,0,0,0,1,0,1,0,1
avenirs-portfolio-api,fr.avenirsesr.portfolio.student.progress.declared.activity.domain.service,DeclaredActivityServiceImpl,94,643,8,40,19,166,11,54,5,36
avenirs-portfolio-api,fr.avenirsesr.portfolio.student.progress.imported.infrastructure.adapter.specification,StudentProgressSpecification,24,16,0,0,7,3,3,2,3,2
avenirs-portfolio-api,fr.avenirsesr.portfolio.student.progress.imported.infrastructure.adapter.specification,SkillLevelProgressSpecification,81,31,4,0,20,6,7,2,5,2
avenirs-portfolio-api,fr.avenirsesr.portfolio.declaredskill.infrastructure.adapter.converter,PathSegmentsConverter,0,27,0,8,0,7,0,7,0,3
avenirs-portfolio-api,fr.avenirsesr.portfolio.student.progress.imported.domain.service,StudentProgressServiceImpl,2,262,0,4,1,71,1,21,1,19
avenirs-portfolio-api,fr.avenirsesr.portfolio.student.progress.imported.domain.service,SkillLevelProgressServiceImpl,27,8,0,0,5,2,2,2,2,2
avenirs-portfolio-api,fr.avenirsesr.portfolio.file.domain.data,FileData,0,12,0,0,0,1,0,1,0,1
avenirs-portfolio-api,fr.avenirsesr.portfolio.selfknowledge.domain.data,SelfKnowledgeElementDetails,0,6,0,0,0,1,0,1,0,1
avenirs-portfolio-api,fr.avenirsesr.portfolio.trace.domain.service,TraceServiceImpl,178,1014,12,26,36,249,18,69,10,58
avenirs-portfolio-api,fr.avenirsesr.portfolio.student.progress.declared.skill.infrastructure.adapter.repository,DeclaredSkillProgressDatabaseRepository,6,68,0,0,1,20,1,5,1,5
avenirs-portfolio-api,fr.avenirsesr.portfolio.student.progress.declared.skill.infrastructure.adapter.specification,DeclaredSkillProgressSpecification,40,56,7,4,7,12,7,5,1,5
avenirs-portfolio-api,fr.avenirsesr.portfolio.declaredskill.infrastructure.adapter.repository,DeclaredSkillDatabaseRepository,12,26,0,0,2,5,1,3,1,3
avenirs-portfolio-api,fr.avenirsesr.portfolio.shared.application.adapter,Utils,0,42,0,6,0,10,0,4,0,1
avenirs-portfolio-api,fr.avenirsesr.portfolio.shared.application.adapter.controller,SeedingAdminController,37,0,8,0,10,0,5,0,1,0
avenirs-portfolio-api,fr.avenirsesr.portfolio.navigation.access.application.adapter.controller,NavigationAccessController,0,34,0,0,0,8,0,2,0,2
avenirs-portfolio-api,fr.avenirsesr.portfolio.program.infrastructure.adapter.repository,InstitutionDatabaseRepository,0,12,0,0,0,3,0,1,0,1
avenirs-portfolio-api,fr.avenirsesr.portfolio.program.infrastructure.adapter.repository,ProgramDatabaseRepository,0,10,0,0,0,3,0,1,0,1
avenirs-portfolio-api,fr.avenirsesr.portfolio.program.infrastructure.adapter.repository,SkillDatabaseRepository,0,10,0,0,0,3,0,1,0,1
avenirs-portfolio-api,fr.avenirsesr.portfolio.program.infrastructure.adapter.repository,SkillLevelDatabaseRepository,0,7,0,0,0,2,0,1,0,1
avenirs-portfolio-api,fr.avenirsesr.portfolio.program.infrastructure.adapter.repository,TrainingPathDatabaseRepository,0,10,0,0,0,3,0,1,0,1
avenirs-portfolio-api,fr.avenirsesr.portfolio.ams.infrastructure.adapter.repository,CohortDatabaseRepository,0,10,0,0,0,3,0,1,0,1
avenirs-portfolio-api,fr.avenirsesr.portfolio.ams.infrastructure.adapter.repository,AMSDatabaseRepository,17,33,0,0,4,8,2,3,2,3
avenirs-portfolio-api,fr.avenirsesr.portfolio.user.domain.service,ExternalUserServiceImpl,0,28,0,0,0,6,0,2,0,2
avenirs-portfolio-api,fr.avenirsesr.portfolio.user.domain.service,UserServiceImpl,8,147,4,8,0,35,4,10,0,7
avenirs-portfolio-api,fr.avenirsesr.portfolio.user.domain.service,StudentServiceImpl,6,106,1,3,2,27,2,9,1,8
avenirs-portfolio-api,fr.avenirsesr.portfolio.user.domain.service,StaffServiceImpl,24,55,1,3,4,12,3,4,2,3
avenirs-portfolio-api,fr.avenirsesr.portfolio.shared.infrastructure.utils,FileReader,53,17,1,1,13,3,3,1,2,1
avenirs-portfolio-api,fr.avenirsesr.portfolio.student.progress.declared.skill.domain.data,DeclaredSkillAssociationsData,0,9,0,0,0,1,0,1,0,1
avenirs-portfolio-api,fr.avenirsesr.portfolio.student.progress.declared.skill.domain.data,DeclaredSkillProgressDetails,0,12,0,0,0,1,0,1,0,1
avenirs-portfolio-api,fr.avenirsesr.portfolio.student.progress.declared.skill.domain.data,DeclaredSkillAssociationData,0,9,0,0,0,1,0,1,0,1
avenirs-portfolio-api,fr.avenirsesr.portfolio.student.progress.declared.experience.domain.service,DeclaredExperienceServiceImpl,1,407,1,13,0,94,1,23,0,17
avenirs-portfolio-api,fr.avenirsesr.portfolio.association.domain.data,AssociationData,0,12,0,0,0,1,0,1,0,1
avenirs-portfolio-api,fr.avenirsesr.portfolio.association.domain.data,AssociationSearchResultData,0,15,0,0,0,1,0,1,0,1
avenirs-portfolio-api,fr.avenirsesr.portfolio.student.progress.declared.experience.domain.data,DeclaredExperienceAssociationData,0,9,0,0,0,1,0,1,0,1
avenirs-portfolio-api,fr.avenirsesr.portfolio.student.progress.declared.experience.domain.data,DeclaredExperienceAssociationsData,0,6,0,0,0,1,0,1,0,1
avenirs-portfolio-api,fr.avenirsesr.portfolio.student.progress.declared.experience.infrastructure.adapter.repository,DeclaredExperienceDatabaseRepository,0,42,0,0,0,10,0,3,0,3
avenirs-portfolio-api,fr.avenirsesr.portfolio.file.infrastructure.adapter.specification,ActivityBannerSpecification,0,29,0,0,0,6,0,4,0,4
avenirs-portfolio-api,fr.avenirsesr.portfolio.file.infrastructure.adapter.specification,TraceAttachmentSpecification,0,12,0,0,0,2,0,2,0,2
avenirs-portfolio-api,fr.avenirsesr.portfolio.file.infrastructure.adapter.specification,UserResourceSpecification,0,49,0,0,0,7,0,4,0,4
avenirs-portfolio-api,fr.avenirsesr.portfolio.declaredskill.infrastructure.adapter.client,ExternalSkillClient.new ParameterizedTypeReference() {...},0,3,0,0,0,1,0,1,0,1
avenirs-portfolio-api,fr.avenirsesr.portfolio.declaredskill.infrastructure.adapter.client,ExternalSkillClient,0,247,0,8,0,63,0,10,0,6
avenirs-portfolio-api,fr.avenirsesr.portfolio.user.domain.data,UserProfileOverviewData,0,15,0,0,0,1,0,1,0,1
avenirs-portfolio-api,fr.avenirsesr.portfolio.user.domain.data,UserPhotosData,0,21,0,0,0,1,0,1,0,1
avenirs-portfolio-api,fr.avenirsesr.portfolio.file.domain.service,UserResourceServiceImpl,18,195,1,7,3,48,3,10,2,7
avenirs-portfolio-api,fr.avenirsesr.portfolio.file.domain.service,ActivityResourceServiceImpl,18,104,1,3,3,25,3,5,2,4
avenirs-portfolio-api,fr.avenirsesr.portfolio.file.domain.service,TraceAttachmentServiceImpl,14,176,3,9,3,43,4,8,1,5
avenirs-portfolio-api,fr.avenirsesr.portfolio.activity.infrastructure.adapter.repository,ActivityDatabaseRepository,35,35,0,2,8,6,1,3,1,2
avenirs-portfolio-api,fr.avenirsesr.portfolio.trace.infrastructure.adapter.specification,TraceSpecification,92,262,1,7,19,50,8,13,7,10
avenirs-portfolio-api,fr.avenirsesr.portfolio.trace.infrastructure.adapter.specification,TraceFilterSpecificationBuilder,28,190,7,27,9,34,6,20,0,8
avenirs-portfolio-api,fr.avenirsesr.portfolio.file.infrastructure.adapter.repository,UserPhotoDatabaseRepository,0,32,0,0,0,10,0,3,0,3
avenirs-portfolio-api,fr.avenirsesr.portfolio.file.infrastructure.adapter.repository,TraceAttachmentDatabaseRepository,0,12,0,0,0,3,0,2,0,2
avenirs-portfolio-api,fr.avenirsesr.portfolio.file.infrastructure.adapter.repository,ActivityBannerDatabaseRepository,0,35,0,0,0,12,0,3,0,3
avenirs-portfolio-api,fr.avenirsesr.portfolio.file.application.adapter.controller,StorageController,54,41,0,4,13,14,2,4,2,2
avenirs-portfolio-api,fr.avenirsesr.portfolio.file.application.adapter.controller,TraceAttachmentController,0,56,0,0,0,18,0,3,0,3
avenirs-portfolio-api,fr.avenirsesr.portfolio.file.application.adapter.controller,UserResourceController,7,33,0,0,2,11,0,3,0,3
avenirs-portfolio-api,fr.avenirsesr.portfolio.association.domain.service,AssociationServiceImpl,0,61,0,4,0,15,0,6,0,4
avenirs-portfolio-api,fr.avenirsesr.portfolio.association.domain.service,AssociationSearchHelper,0,66,0,6,0,18,0,5,0,2
avenirs-portfolio-api,fr.avenirsesr.portfolio.shared.domain.service,LoggedInUserServiceImpl,4,21,1,1,1,5,1,3,0,3
avenirs-portfolio-api,fr.avenirsesr.portfolio.association.infrastructure.adapter.specification,AssociationSpecification,6,126,3,7,2,23,4,11,1,9
avenirs-portfolio-api,fr.avenirsesr.portfolio.trace.infrastructure.adapter.repository,TraceDatabaseRepository,64,96,9,5,15,23,10,6,4,5
avenirs-portfolio-api,fr.avenirsesr.portfolio.student.progress.declared.experience.infrastructure.adapter.specification,DeclaredExperienceSpecification,6,76,2,4,2,15,3,5,1,4
avenirs-portfolio-api,fr.avenirsesr.portfolio,AvenirsPortfolioApiApplication,5,3,0,0,2,1,1,1,1,1
avenirs-portfolio-api,fr.avenirsesr.portfolio.student.progress.declared.program.infrastructure.adapter.repository,DeclaredProgramDatabaseRepository,0,20,0,0,0,4,0,2,0,2
avenirs-portfolio-api,fr.avenirsesr.portfolio.student.progress.imported.application.adapter.controller,SkillLevelProgressController,54,47,0,0,16,17,3,4,3,4
avenirs-portfolio-api,fr.avenirsesr.portfolio.student.progress.imported.application.adapter.controller,StudentProgressController,0,48,0,0,0,14,0,6,0,6
avenirs-portfolio-api,fr.avenirsesr.portfolio.program.domain.service,InstitutionServiceImpl,0,73,0,0,0,18,0,5,0,5
avenirs-portfolio-api,fr.avenirsesr.portfolio.selfknowledge.domain.service,SelfKnowledgeServiceImpl,4,431,4,32,1,116,4,36,0,22
